{"numTotalTestSuites":300,"numPassedTestSuites":205,"numFailedTestSuites":92,"numPendingTestSuites":3,"numTotalTests":895,"numPassedTests":802,"numFailedTests":91,"numPendingTests":1,"numTodoTests":0,"snapshot":{"added":0,"failure":false,"filesAdded":0,"filesRemoved":0,"filesRemovedList":[],"filesUnmatched":0,"filesUpdated":0,"matched":0,"total":0,"unchecked":0,"uncheckedKeysByFile":[],"unmatched":0,"updated":0,"didUpdate":false},"startTime":1771126265655,"success":false,"testResults":[{"assertionResults":[{"ancestorTitles":["ROOT INFRASTRUCTURE: indexer.js","Structure Contract"],"fullName":"ROOT INFRASTRUCTURE: indexer.js Structure Contract MUST export indexProject function","status":"passed","title":"MUST export indexProject function","duration":1.2440000000001419,"failureMessages":[],"meta":{}},{"ancestorTitles":["ROOT INFRASTRUCTURE: indexer.js","Structure Contract"],"fullName":"ROOT INFRASTRUCTURE: indexer.js Structure Contract MUST accept rootPath as first parameter","status":"failed","title":"MUST accept rootPath as first parameter","duration":81.5322000000001,"failureMessages":["Error: promise resolved \"{ files: {}, dependencies: [], …(11) }\" instead of rejecting\n    at _Assertion.__VITEST_REJECTS__ (file:///C:/Dev/OmnySystem/node_modules/@vitest/expect/dist/index.js:1675:17)\n    at _Assertion.propertyGetter (file:///C:/Dev/OmnySystem/node_modules/chai/index.js:1570:27)\n    at Reflect.get (<anonymous>)\n    at Object.proxyGetter [as get] (file:///C:/Dev/OmnySystem/node_modules/chai/index.js:1659:22)\n    at C:/Dev/OmnySystem/tests/unit/layer-a-analysis/analyses/root/indexer.test.js:21:9\n    at file:///C:/Dev/OmnySystem/node_modules/@vitest/runner/dist/index.js:145:11\n    at file:///C:/Dev/OmnySystem/node_modules/@vitest/runner/dist/index.js:915:26\n    at file:///C:/Dev/OmnySystem/node_modules/@vitest/runner/dist/index.js:1243:20\n    at new Promise (<anonymous>)\n    at runWithTimeout (file:///C:/Dev/OmnySystem/node_modules/@vitest/runner/dist/index.js:1209:10)","Error: promise resolved \"{ files: {}, dependencies: [], …(11) }\" instead of rejecting\n    at _Assertion.__VITEST_REJECTS__ (file:///C:/Dev/OmnySystem/node_modules/@vitest/expect/dist/index.js:1675:17)\n    at _Assertion.propertyGetter (file:///C:/Dev/OmnySystem/node_modules/chai/index.js:1570:27)\n    at Reflect.get (<anonymous>)\n    at Object.proxyGetter [as get] (file:///C:/Dev/OmnySystem/node_modules/chai/index.js:1659:22)\n    at C:/Dev/OmnySystem/tests/unit/layer-a-analysis/analyses/root/indexer.test.js:21:9\n    at file:///C:/Dev/OmnySystem/node_modules/@vitest/runner/dist/index.js:145:11\n    at file:///C:/Dev/OmnySystem/node_modules/@vitest/runner/dist/index.js:915:26\n    at file:///C:/Dev/OmnySystem/node_modules/@vitest/runner/dist/index.js:1243:20\n    at new Promise (<anonymous>)\n    at runWithTimeout (file:///C:/Dev/OmnySystem/node_modules/@vitest/runner/dist/index.js:1209:10)"],"meta":{}},{"ancestorTitles":["ROOT INFRASTRUCTURE: indexer.js","Structure Contract"],"fullName":"ROOT INFRASTRUCTURE: indexer.js Structure Contract MUST accept options as second parameter","status":"failed","title":"MUST accept options as second parameter","duration":24.10109999999986,"failureMessages":["Error: promise resolved \"{ files: {}, dependencies: [], …(11) }\" instead of rejecting\n    at _Assertion.__VITEST_REJECTS__ (file:///C:/Dev/OmnySystem/node_modules/@vitest/expect/dist/index.js:1675:17)\n    at _Assertion.propertyGetter (file:///C:/Dev/OmnySystem/node_modules/chai/index.js:1570:27)\n    at Reflect.get (<anonymous>)\n    at Object.proxyGetter [as get] (file:///C:/Dev/OmnySystem/node_modules/chai/index.js:1659:22)\n    at C:/Dev/OmnySystem/tests/unit/layer-a-analysis/analyses/root/indexer.test.js:29:10\n    at file:///C:/Dev/OmnySystem/node_modules/@vitest/runner/dist/index.js:145:11\n    at file:///C:/Dev/OmnySystem/node_modules/@vitest/runner/dist/index.js:915:26\n    at file:///C:/Dev/OmnySystem/node_modules/@vitest/runner/dist/index.js:1243:20\n    at new Promise (<anonymous>)\n    at runWithTimeout (file:///C:/Dev/OmnySystem/node_modules/@vitest/runner/dist/index.js:1209:10)","Error: promise resolved \"{ files: {}, dependencies: [], …(11) }\" instead of rejecting\n    at _Assertion.__VITEST_REJECTS__ (file:///C:/Dev/OmnySystem/node_modules/@vitest/expect/dist/index.js:1675:17)\n    at _Assertion.propertyGetter (file:///C:/Dev/OmnySystem/node_modules/chai/index.js:1570:27)\n    at Reflect.get (<anonymous>)\n    at Object.proxyGetter [as get] (file:///C:/Dev/OmnySystem/node_modules/chai/index.js:1659:22)\n    at C:/Dev/OmnySystem/tests/unit/layer-a-analysis/analyses/root/indexer.test.js:29:10\n    at file:///C:/Dev/OmnySystem/node_modules/@vitest/runner/dist/index.js:145:11\n    at file:///C:/Dev/OmnySystem/node_modules/@vitest/runner/dist/index.js:915:26\n    at file:///C:/Dev/OmnySystem/node_modules/@vitest/runner/dist/index.js:1243:20\n    at new Promise (<anonymous>)\n    at runWithTimeout (file:///C:/Dev/OmnySystem/node_modules/@vitest/runner/dist/index.js:1209:10)"],"meta":{}},{"ancestorTitles":["ROOT INFRASTRUCTURE: indexer.js","Function Signature"],"fullName":"ROOT INFRASTRUCTURE: indexer.js Function Signature SHOULD be an async function","status":"passed","title":"SHOULD be an async function","duration":0.4434000000001106,"failureMessages":[],"meta":{}},{"ancestorTitles":["ROOT INFRASTRUCTURE: indexer.js","Function Signature"],"fullName":"ROOT INFRASTRUCTURE: indexer.js Function Signature SHOULD require rootPath parameter","status":"passed","title":"SHOULD require rootPath parameter","duration":0.3405999999999949,"failureMessages":[],"meta":{}},{"ancestorTitles":["ROOT INFRASTRUCTURE: indexer.js","Options Interface"],"fullName":"ROOT INFRASTRUCTURE: indexer.js Options Interface SHOULD support outputPath option in signature","status":"passed","title":"SHOULD support outputPath option in signature","duration":0.3269000000000233,"failureMessages":[],"meta":{}},{"ancestorTitles":["ROOT INFRASTRUCTURE: indexer.js","Options Interface"],"fullName":"ROOT INFRASTRUCTURE: indexer.js Options Interface SHOULD support verbose option in signature","status":"passed","title":"SHOULD support verbose option in signature","duration":0.3811000000000604,"failureMessages":[],"meta":{}},{"ancestorTitles":["ROOT INFRASTRUCTURE: indexer.js","Options Interface"],"fullName":"ROOT INFRASTRUCTURE: indexer.js Options Interface SHOULD support skipLLM option in signature","status":"passed","title":"SHOULD support skipLLM option in signature","duration":0.14750000000003638,"failureMessages":[],"meta":{}},{"ancestorTitles":["ROOT INFRASTRUCTURE: indexer.js","Options Interface"],"fullName":"ROOT INFRASTRUCTURE: indexer.js Options Interface SHOULD support singleFile option in signature","status":"passed","title":"SHOULD support singleFile option in signature","duration":0.12249999999994543,"failureMessages":[],"meta":{}},{"ancestorTitles":["ROOT INFRASTRUCTURE: indexer.js","Pipeline Steps Documentation"],"fullName":"ROOT INFRASTRUCTURE: indexer.js Pipeline Steps Documentation DOCUMENTS: loadProjectInfo step exists in source","status":"passed","title":"DOCUMENTS: loadProjectInfo step exists in source","duration":0.21520000000009532,"failureMessages":[],"meta":{}},{"ancestorTitles":["ROOT INFRASTRUCTURE: indexer.js","Pipeline Steps Documentation"],"fullName":"ROOT INFRASTRUCTURE: indexer.js Pipeline Steps Documentation DOCUMENTS: scanProjectFiles step exists in source","status":"passed","title":"DOCUMENTS: scanProjectFiles step exists in source","duration":0.12879999999995562,"failureMessages":[],"meta":{}},{"ancestorTitles":["ROOT INFRASTRUCTURE: indexer.js","Pipeline Steps Documentation"],"fullName":"ROOT INFRASTRUCTURE: indexer.js Pipeline Steps Documentation DOCUMENTS: parseFiles step exists in source","status":"passed","title":"DOCUMENTS: parseFiles step exists in source","duration":0.11050000000022919,"failureMessages":[],"meta":{}},{"ancestorTitles":["ROOT INFRASTRUCTURE: indexer.js","Pipeline Steps Documentation"],"fullName":"ROOT INFRASTRUCTURE: indexer.js Pipeline Steps Documentation DOCUMENTS: resolveImports step exists in source","status":"passed","title":"DOCUMENTS: resolveImports step exists in source","duration":0.08770000000004075,"failureMessages":[],"meta":{}},{"ancestorTitles":["ROOT INFRASTRUCTURE: indexer.js","Pipeline Steps Documentation"],"fullName":"ROOT INFRASTRUCTURE: indexer.js Pipeline Steps Documentation DOCUMENTS: buildSystemGraph step exists in source","status":"passed","title":"DOCUMENTS: buildSystemGraph step exists in source","duration":0.08359999999993306,"failureMessages":[],"meta":{}},{"ancestorTitles":["ROOT INFRASTRUCTURE: indexer.js","Pipeline Steps Documentation"],"fullName":"ROOT INFRASTRUCTURE: indexer.js Pipeline Steps Documentation DOCUMENTS: saveSystemMap step exists in source","status":"passed","title":"DOCUMENTS: saveSystemMap step exists in source","duration":0.08179999999993015,"failureMessages":[],"meta":{}},{"ancestorTitles":["ROOT INFRASTRUCTURE: indexer.js","Error Handling Contract"],"fullName":"ROOT INFRASTRUCTURE: indexer.js Error Handling Contract MUST throw for invalid rootPath","status":"pending","title":"MUST throw for invalid rootPath","failureMessages":["Error: promise resolved \"{ files: { …(1641) }, …(12) }\" instead of rejecting\n    at _Assertion.__VITEST_REJECTS__ (file:///C:/Dev/OmnySystem/node_modules/@vitest/expect/dist/index.js:1675:17)\n    at _Assertion.propertyGetter (file:///C:/Dev/OmnySystem/node_modules/chai/index.js:1570:27)\n    at Reflect.get (<anonymous>)\n    at Object.proxyGetter [as get] (file:///C:/Dev/OmnySystem/node_modules/chai/index.js:1659:22)\n    at C:/Dev/OmnySystem/tests/unit/layer-a-analysis/analyses/root/indexer.test.js:106:57\n    at file:///C:/Dev/OmnySystem/node_modules/@vitest/runner/dist/index.js:145:11\n    at file:///C:/Dev/OmnySystem/node_modules/@vitest/runner/dist/index.js:915:26\n    at file:///C:/Dev/OmnySystem/node_modules/@vitest/runner/dist/index.js:1243:20\n    at new Promise (<anonymous>)\n    at runWithTimeout (file:///C:/Dev/OmnySystem/node_modules/@vitest/runner/dist/index.js:1209:10)"],"meta":{}},{"ancestorTitles":["ROOT INFRASTRUCTURE: indexer.js","Error Handling Contract"],"fullName":"ROOT INFRASTRUCTURE: indexer.js Error Handling Contract MUST throw for non-existent path","status":"pending","title":"MUST throw for non-existent path","failureMessages":[],"meta":{}}],"startTime":1771126268648,"endTime":1771126268759.1106,"status":"failed","message":"","name":"C:/Dev/OmnySystem/tests/unit/layer-a-analysis/analyses/root/indexer.test.js"},{"assertionResults":[{"ancestorTitles":["ComprehensiveExtractor","Constructor"],"fullName":"ComprehensiveExtractor Constructor should create instance with default config","status":"passed","title":"should create instance with default config","duration":3.3401999999999816,"failureMessages":[],"meta":{}},{"ancestorTitles":["ComprehensiveExtractor","Constructor"],"fullName":"ComprehensiveExtractor Constructor should merge user config with defaults","status":"passed","title":"should merge user config with defaults","duration":0.47430000000008476,"failureMessages":[],"meta":{}},{"ancestorTitles":["ComprehensiveExtractor","Constructor"],"fullName":"ComprehensiveExtractor Constructor should initialize with empty cache","status":"passed","title":"should initialize with empty cache","duration":0.19920000000001892,"failureMessages":[],"meta":{}},{"ancestorTitles":["ComprehensiveExtractor","Constructor"],"fullName":"ComprehensiveExtractor Constructor should initialize stats object","status":"passed","title":"should initialize stats object","duration":0.4399999999999409,"failureMessages":[],"meta":{}},{"ancestorTitles":["ComprehensiveExtractor","createExtractor factory function"],"fullName":"ComprehensiveExtractor createExtractor factory function should create ComprehensiveExtractor instance","status":"passed","title":"should create ComprehensiveExtractor instance","duration":0.45840000000009695,"failureMessages":[],"meta":{}},{"ancestorTitles":["ComprehensiveExtractor","createExtractor factory function"],"fullName":"ComprehensiveExtractor createExtractor factory function should apply config to created extractor","status":"passed","title":"should apply config to created extractor","duration":0.2982000000000653,"failureMessages":[],"meta":{}},{"ancestorTitles":["ComprehensiveExtractor","extract() - Basic Extraction"],"fullName":"ComprehensiveExtractor extract() - Basic Extraction should extract from empty file","status":"passed","title":"should extract from empty file","duration":5.926900000000046,"failureMessages":[],"meta":{}},{"ancestorTitles":["ComprehensiveExtractor","extract() - Basic Extraction"],"fullName":"ComprehensiveExtractor extract() - Basic Extraction should extract from simple module","status":"passed","title":"should extract from simple module","duration":3.2626000000000204,"failureMessages":[],"meta":{}},{"ancestorTitles":["ComprehensiveExtractor","extract() - Basic Extraction"],"fullName":"ComprehensiveExtractor extract() - Basic Extraction should extract from complex module","status":"passed","title":"should extract from complex module","duration":1.5900000000000318,"failureMessages":[],"meta":{}},{"ancestorTitles":["ComprehensiveExtractor","extract() - Basic Extraction"],"fullName":"ComprehensiveExtractor extract() - Basic Extraction should include basic metadata","status":"passed","title":"should include basic metadata","duration":1.052599999999984,"failureMessages":[],"meta":{}},{"ancestorTitles":["ComprehensiveExtractor","extract() - Basic Extraction"],"fullName":"ComprehensiveExtractor extract() - Basic Extraction should include _meta information","status":"passed","title":"should include _meta information","duration":0.7071000000000822,"failureMessages":[],"meta":{}},{"ancestorTitles":["ComprehensiveExtractor","extract() - Basic Extraction"],"fullName":"ComprehensiveExtractor extract() - Basic Extraction should include needsLLM flag","status":"passed","title":"should include needsLLM flag","duration":0.45090000000004693,"failureMessages":[],"meta":{}},{"ancestorTitles":["ComprehensiveExtractor","extract() - Caching"],"fullName":"ComprehensiveExtractor extract() - Caching should cache extraction results","status":"passed","title":"should cache extraction results","duration":0.5180000000000291,"failureMessages":[],"meta":{}},{"ancestorTitles":["ComprehensiveExtractor","extract() - Caching"],"fullName":"ComprehensiveExtractor extract() - Caching should return cached result on second extraction","status":"passed","title":"should return cached result on second extraction","duration":0.6869999999998981,"failureMessages":[],"meta":{}},{"ancestorTitles":["ComprehensiveExtractor","extract() - Caching"],"fullName":"ComprehensiveExtractor extract() - Caching should skip cache when skipCache option is true","status":"passed","title":"should skip cache when skipCache option is true","duration":2.50630000000001,"failureMessages":[],"meta":{}},{"ancestorTitles":["ComprehensiveExtractor","extract() - Configurable Extractors"],"fullName":"ComprehensiveExtractor extract() - Configurable Extractors should extract only functions when configured","status":"passed","title":"should extract only functions when configured","duration":1.0559999999999263,"failureMessages":[],"meta":{}},{"ancestorTitles":["ComprehensiveExtractor","extract() - Configurable Extractors"],"fullName":"ComprehensiveExtractor extract() - Configurable Extractors should extract only classes when configured","status":"passed","title":"should extract only classes when configured","duration":0.4917000000000371,"failureMessages":[],"meta":{}},{"ancestorTitles":["ComprehensiveExtractor","extract() - Configurable Extractors"],"fullName":"ComprehensiveExtractor extract() - Configurable Extractors should not calculate metrics when disabled","status":"failed","title":"should not calculate metrics when disabled","duration":8.809799999999996,"failureMessages":["TypeError: __vite_ssr_import_2__.ExtractionConfigBuilder.standard(...).withMetrics is not a function\n    at C:/Dev/OmnySystem/tests/unit/layer-a-analysis/extractors/comprehensive-extractor/ComprehensiveExtractor.test.js:178:57\n    at file:///C:/Dev/OmnySystem/node_modules/@vitest/runner/dist/index.js:145:11\n    at file:///C:/Dev/OmnySystem/node_modules/@vitest/runner/dist/index.js:915:26\n    at file:///C:/Dev/OmnySystem/node_modules/@vitest/runner/dist/index.js:1243:20\n    at new Promise (<anonymous>)\n    at runWithTimeout (file:///C:/Dev/OmnySystem/node_modules/@vitest/runner/dist/index.js:1209:10)\n    at file:///C:/Dev/OmnySystem/node_modules/@vitest/runner/dist/index.js:1653:37\n    at Traces.$ (file:///C:/Dev/OmnySystem/node_modules/vitest/dist/chunks/traces.CCmnQaNT.js:142:27)\n    at trace (file:///C:/Dev/OmnySystem/node_modules/vitest/dist/chunks/test.B8ej_ZHS.js:239:21)\n    at runTest (file:///C:/Dev/OmnySystem/node_modules/@vitest/runner/dist/index.js:1653:12)","TypeError: __vite_ssr_import_2__.ExtractionConfigBuilder.standard(...).withMetrics is not a function\n    at C:/Dev/OmnySystem/tests/unit/layer-a-analysis/extractors/comprehensive-extractor/ComprehensiveExtractor.test.js:178:57\n    at file:///C:/Dev/OmnySystem/node_modules/@vitest/runner/dist/index.js:145:11\n    at file:///C:/Dev/OmnySystem/node_modules/@vitest/runner/dist/index.js:915:26\n    at file:///C:/Dev/OmnySystem/node_modules/@vitest/runner/dist/index.js:1243:20\n    at new Promise (<anonymous>)\n    at runWithTimeout (file:///C:/Dev/OmnySystem/node_modules/@vitest/runner/dist/index.js:1209:10)\n    at file:///C:/Dev/OmnySystem/node_modules/@vitest/runner/dist/index.js:1653:37\n    at Traces.$ (file:///C:/Dev/OmnySystem/node_modules/vitest/dist/chunks/traces.CCmnQaNT.js:142:27)\n    at trace (file:///C:/Dev/OmnySystem/node_modules/vitest/dist/chunks/test.B8ej_ZHS.js:239:21)\n    at runTest (file:///C:/Dev/OmnySystem/node_modules/@vitest/runner/dist/index.js:1653:12)"],"meta":{}},{"ancestorTitles":["ComprehensiveExtractor","extract() - Configurable Extractors"],"fullName":"ComprehensiveExtractor extract() - Configurable Extractors should not detect patterns when disabled","status":"failed","title":"should not detect patterns when disabled","duration":0.8865000000000691,"failureMessages":["TypeError: __vite_ssr_import_2__.ExtractionConfigBuilder.standard(...).withPatternDetection is not a function\n    at C:/Dev/OmnySystem/tests/unit/layer-a-analysis/extractors/comprehensive-extractor/ComprehensiveExtractor.test.js:188:57\n    at file:///C:/Dev/OmnySystem/node_modules/@vitest/runner/dist/index.js:145:11\n    at file:///C:/Dev/OmnySystem/node_modules/@vitest/runner/dist/index.js:915:26\n    at file:///C:/Dev/OmnySystem/node_modules/@vitest/runner/dist/index.js:1243:20\n    at new Promise (<anonymous>)\n    at runWithTimeout (file:///C:/Dev/OmnySystem/node_modules/@vitest/runner/dist/index.js:1209:10)\n    at file:///C:/Dev/OmnySystem/node_modules/@vitest/runner/dist/index.js:1653:37\n    at Traces.$ (file:///C:/Dev/OmnySystem/node_modules/vitest/dist/chunks/traces.CCmnQaNT.js:142:27)\n    at trace (file:///C:/Dev/OmnySystem/node_modules/vitest/dist/chunks/test.B8ej_ZHS.js:239:21)\n    at runTest (file:///C:/Dev/OmnySystem/node_modules/@vitest/runner/dist/index.js:1653:12)","TypeError: __vite_ssr_import_2__.ExtractionConfigBuilder.standard(...).withPatternDetection is not a function\n    at C:/Dev/OmnySystem/tests/unit/layer-a-analysis/extractors/comprehensive-extractor/ComprehensiveExtractor.test.js:188:57\n    at file:///C:/Dev/OmnySystem/node_modules/@vitest/runner/dist/index.js:145:11\n    at file:///C:/Dev/OmnySystem/node_modules/@vitest/runner/dist/index.js:915:26\n    at file:///C:/Dev/OmnySystem/node_modules/@vitest/runner/dist/index.js:1243:20\n    at new Promise (<anonymous>)\n    at runWithTimeout (file:///C:/Dev/OmnySystem/node_modules/@vitest/runner/dist/index.js:1209:10)\n    at file:///C:/Dev/OmnySystem/node_modules/@vitest/runner/dist/index.js:1653:37\n    at Traces.$ (file:///C:/Dev/OmnySystem/node_modules/vitest/dist/chunks/traces.CCmnQaNT.js:142:27)\n    at trace (file:///C:/Dev/OmnySystem/node_modules/vitest/dist/chunks/test.B8ej_ZHS.js:239:21)\n    at runTest (file:///C:/Dev/OmnySystem/node_modules/@vitest/runner/dist/index.js:1653:12)"],"meta":{}},{"ancestorTitles":["ComprehensiveExtractor","extract() - Error Handling"],"fullName":"ComprehensiveExtractor extract() - Error Handling should handle extraction errors gracefully","status":"failed","title":"should handle extraction errors gracefully","duration":6.109399999999937,"failureMessages":["TypeError: Cannot read properties of null (reading 'length')\n    at extractBasicMetadata (C:/Dev/OmnySystem/src/layer-a-static/extractors/comprehensive-extractor/metadata/basic-metadata.js:17:16)\n    at ComprehensiveExtractor.extract (C:/Dev/OmnySystem/src/layer-a-static/extractors/comprehensive-extractor/ComprehensiveExtractor.js:111:36)\n    at C:/Dev/OmnySystem/tests/unit/layer-a-analysis/extractors/comprehensive-extractor/ComprehensiveExtractor.test.js:200:32\n    at file:///C:/Dev/OmnySystem/node_modules/@vitest/runner/dist/index.js:145:11\n    at file:///C:/Dev/OmnySystem/node_modules/@vitest/runner/dist/index.js:915:26\n    at file:///C:/Dev/OmnySystem/node_modules/@vitest/runner/dist/index.js:1243:20\n    at new Promise (<anonymous>)\n    at runWithTimeout (file:///C:/Dev/OmnySystem/node_modules/@vitest/runner/dist/index.js:1209:10)\n    at file:///C:/Dev/OmnySystem/node_modules/@vitest/runner/dist/index.js:1653:37\n    at Traces.$ (file:///C:/Dev/OmnySystem/node_modules/vitest/dist/chunks/traces.CCmnQaNT.js:142:27)","TypeError: Cannot read properties of null (reading 'length')\n    at extractBasicMetadata (C:/Dev/OmnySystem/src/layer-a-static/extractors/comprehensive-extractor/metadata/basic-metadata.js:17:16)\n    at ComprehensiveExtractor.extract (C:/Dev/OmnySystem/src/layer-a-static/extractors/comprehensive-extractor/ComprehensiveExtractor.js:111:36)\n    at C:/Dev/OmnySystem/tests/unit/layer-a-analysis/extractors/comprehensive-extractor/ComprehensiveExtractor.test.js:200:32\n    at file:///C:/Dev/OmnySystem/node_modules/@vitest/runner/dist/index.js:145:11\n    at file:///C:/Dev/OmnySystem/node_modules/@vitest/runner/dist/index.js:915:26\n    at file:///C:/Dev/OmnySystem/node_modules/@vitest/runner/dist/index.js:1243:20\n    at new Promise (<anonymous>)\n    at runWithTimeout (file:///C:/Dev/OmnySystem/node_modules/@vitest/runner/dist/index.js:1209:10)\n    at file:///C:/Dev/OmnySystem/node_modules/@vitest/runner/dist/index.js:1653:37\n    at Traces.$ (file:///C:/Dev/OmnySystem/node_modules/vitest/dist/chunks/traces.CCmnQaNT.js:142:27)"],"meta":{}},{"ancestorTitles":["ComprehensiveExtractor","extract() - Error Handling"],"fullName":"ComprehensiveExtractor extract() - Error Handling should return basic metadata even on error","status":"failed","title":"should return basic metadata even on error","duration":1.4769999999999754,"failureMessages":["TypeError: Cannot read properties of null (reading 'length')\n    at extractBasicMetadata (C:/Dev/OmnySystem/src/layer-a-static/extractors/comprehensive-extractor/metadata/basic-metadata.js:17:16)\n    at ComprehensiveExtractor.extract (C:/Dev/OmnySystem/src/layer-a-static/extractors/comprehensive-extractor/ComprehensiveExtractor.js:111:36)\n    at C:/Dev/OmnySystem/tests/unit/layer-a-analysis/extractors/comprehensive-extractor/ComprehensiveExtractor.test.js:208:32\n    at file:///C:/Dev/OmnySystem/node_modules/@vitest/runner/dist/index.js:145:11\n    at file:///C:/Dev/OmnySystem/node_modules/@vitest/runner/dist/index.js:915:26\n    at file:///C:/Dev/OmnySystem/node_modules/@vitest/runner/dist/index.js:1243:20\n    at new Promise (<anonymous>)\n    at runWithTimeout (file:///C:/Dev/OmnySystem/node_modules/@vitest/runner/dist/index.js:1209:10)\n    at file:///C:/Dev/OmnySystem/node_modules/@vitest/runner/dist/index.js:1653:37\n    at Traces.$ (file:///C:/Dev/OmnySystem/node_modules/vitest/dist/chunks/traces.CCmnQaNT.js:142:27)","TypeError: Cannot read properties of null (reading 'length')\n    at extractBasicMetadata (C:/Dev/OmnySystem/src/layer-a-static/extractors/comprehensive-extractor/metadata/basic-metadata.js:17:16)\n    at ComprehensiveExtractor.extract (C:/Dev/OmnySystem/src/layer-a-static/extractors/comprehensive-extractor/ComprehensiveExtractor.js:111:36)\n    at C:/Dev/OmnySystem/tests/unit/layer-a-analysis/extractors/comprehensive-extractor/ComprehensiveExtractor.test.js:208:32\n    at file:///C:/Dev/OmnySystem/node_modules/@vitest/runner/dist/index.js:145:11\n    at file:///C:/Dev/OmnySystem/node_modules/@vitest/runner/dist/index.js:915:26\n    at file:///C:/Dev/OmnySystem/node_modules/@vitest/runner/dist/index.js:1243:20\n    at new Promise (<anonymous>)\n    at runWithTimeout (file:///C:/Dev/OmnySystem/node_modules/@vitest/runner/dist/index.js:1209:10)\n    at file:///C:/Dev/OmnySystem/node_modules/@vitest/runner/dist/index.js:1653:37\n    at Traces.$ (file:///C:/Dev/OmnySystem/node_modules/vitest/dist/chunks/traces.CCmnQaNT.js:142:27)"],"meta":{}},{"ancestorTitles":["ComprehensiveExtractor","clearCache()"],"fullName":"ComprehensiveExtractor clearCache() should clear all cached results","status":"passed","title":"should clear all cached results","duration":0.7777999999999565,"failureMessages":[],"meta":{}},{"ancestorTitles":["ComprehensiveExtractor","getStats()"],"fullName":"ComprehensiveExtractor getStats() should return extractor statistics","status":"passed","title":"should return extractor statistics","duration":0.34979999999995925,"failureMessages":[],"meta":{}},{"ancestorTitles":["ComprehensiveExtractor","getStats()"],"fullName":"ComprehensiveExtractor getStats() should reflect current cache size","status":"passed","title":"should reflect current cache size","duration":0.5861999999999625,"failureMessages":[],"meta":{}},{"ancestorTitles":["ComprehensiveExtractor","updateConfig()"],"fullName":"ComprehensiveExtractor updateConfig() should update configuration","status":"passed","title":"should update configuration","duration":0.22140000000001692,"failureMessages":[],"meta":{}},{"ancestorTitles":["ComprehensiveExtractor","updateConfig()"],"fullName":"ComprehensiveExtractor updateConfig() should clear cache when config is updated","status":"passed","title":"should clear cache when config is updated","duration":0.5254999999999654,"failureMessages":[],"meta":{}},{"ancestorTitles":["ComprehensiveExtractor","File Type Detection"],"fullName":"ComprehensiveExtractor File Type Detection should detect test files","status":"passed","title":"should detect test files","duration":0.4198999999999842,"failureMessages":[],"meta":{}},{"ancestorTitles":["ComprehensiveExtractor","File Type Detection"],"fullName":"ComprehensiveExtractor File Type Detection should detect config files","status":"passed","title":"should detect config files","duration":0.2738000000000511,"failureMessages":[],"meta":{}},{"ancestorTitles":["ComprehensiveExtractor","File Type Detection"],"fullName":"ComprehensiveExtractor File Type Detection should detect TypeScript files","status":"passed","title":"should detect TypeScript files","duration":0.286899999999946,"failureMessages":[],"meta":{}},{"ancestorTitles":["ComprehensiveExtractor","File Type Detection"],"fullName":"ComprehensiveExtractor File Type Detection should detect JSX files","status":"passed","title":"should detect JSX files","duration":0.2559999999999718,"failureMessages":[],"meta":{}},{"ancestorTitles":["ComprehensiveExtractor","Completeness Calculation"],"fullName":"ComprehensiveExtractor Completeness Calculation should calculate completeness for empty file","status":"passed","title":"should calculate completeness for empty file","duration":0.248299999999972,"failureMessages":[],"meta":{}},{"ancestorTitles":["ComprehensiveExtractor","Completeness Calculation"],"fullName":"ComprehensiveExtractor Completeness Calculation should have higher completeness for files with more constructs","status":"passed","title":"should have higher completeness for files with more constructs","duration":0.6861999999999853,"failureMessages":[],"meta":{}},{"ancestorTitles":["ComprehensiveExtractor","needsLLM flag"],"fullName":"ComprehensiveExtractor needsLLM flag should set needsLLM based on completeness","status":"failed","title":"should set needsLLM based on completeness","duration":5.991800000000012,"failureMessages":["AssertionError: expected false to be true // Object.is equality\n    at C:/Dev/OmnySystem/tests/unit/layer-a-analysis/extractors/comprehensive-extractor/ComprehensiveExtractor.test.js:316:31\n    at file:///C:/Dev/OmnySystem/node_modules/@vitest/runner/dist/index.js:145:11\n    at file:///C:/Dev/OmnySystem/node_modules/@vitest/runner/dist/index.js:915:26\n    at file:///C:/Dev/OmnySystem/node_modules/@vitest/runner/dist/index.js:1243:20\n    at new Promise (<anonymous>)\n    at runWithTimeout (file:///C:/Dev/OmnySystem/node_modules/@vitest/runner/dist/index.js:1209:10)\n    at file:///C:/Dev/OmnySystem/node_modules/@vitest/runner/dist/index.js:1653:37\n    at Traces.$ (file:///C:/Dev/OmnySystem/node_modules/vitest/dist/chunks/traces.CCmnQaNT.js:142:27)\n    at trace (file:///C:/Dev/OmnySystem/node_modules/vitest/dist/chunks/test.B8ej_ZHS.js:239:21)\n    at runTest (file:///C:/Dev/OmnySystem/node_modules/@vitest/runner/dist/index.js:1653:12)","AssertionError: expected false to be true // Object.is equality\n    at C:/Dev/OmnySystem/tests/unit/layer-a-analysis/extractors/comprehensive-extractor/ComprehensiveExtractor.test.js:316:31\n    at file:///C:/Dev/OmnySystem/node_modules/@vitest/runner/dist/index.js:145:11\n    at file:///C:/Dev/OmnySystem/node_modules/@vitest/runner/dist/index.js:915:26\n    at file:///C:/Dev/OmnySystem/node_modules/@vitest/runner/dist/index.js:1243:20\n    at new Promise (<anonymous>)\n    at runWithTimeout (file:///C:/Dev/OmnySystem/node_modules/@vitest/runner/dist/index.js:1209:10)\n    at file:///C:/Dev/OmnySystem/node_modules/@vitest/runner/dist/index.js:1653:37\n    at Traces.$ (file:///C:/Dev/OmnySystem/node_modules/vitest/dist/chunks/traces.CCmnQaNT.js:142:27)\n    at trace (file:///C:/Dev/OmnySystem/node_modules/vitest/dist/chunks/test.B8ej_ZHS.js:239:21)\n    at runTest (file:///C:/Dev/OmnySystem/node_modules/@vitest/runner/dist/index.js:1653:12)"],"meta":{}},{"ancestorTitles":["ComprehensiveExtractor","needsLLM flag"],"fullName":"ComprehensiveExtractor needsLLM flag should set needsLLM for complex files","status":"passed","title":"should set needsLLM for complex files","duration":0.5698999999999614,"failureMessages":[],"meta":{}},{"ancestorTitles":["ComprehensiveExtractor","options override"],"fullName":"ComprehensiveExtractor options override should allow per-extraction option overrides","status":"passed","title":"should allow per-extraction option overrides","duration":0.40949999999998,"failureMessages":[],"meta":{}},{"ancestorTitles":["ComprehensiveExtractor","options override"],"fullName":"ComprehensiveExtractor options override should not affect extractor config with per-extraction options","status":"passed","title":"should not affect extractor config with per-extraction options","duration":0.33400000000006,"failureMessages":[],"meta":{}}],"startTime":1771126266710,"endTime":1771126266765.334,"status":"failed","message":"","name":"C:/Dev/OmnySystem/tests/unit/layer-a-analysis/extractors/comprehensive-extractor/ComprehensiveExtractor.test.js"},{"assertionResults":[{"ancestorTitles":["Comprehensive Extractor Module - Index","Core Exports"],"fullName":"Comprehensive Extractor Module - Index Core Exports should export ComprehensiveExtractor class","status":"passed","title":"should export ComprehensiveExtractor class","duration":1.566599999999994,"failureMessages":[],"meta":{}},{"ancestorTitles":["Comprehensive Extractor Module - Index","Core Exports"],"fullName":"Comprehensive Extractor Module - Index Core Exports should export createExtractor function","status":"passed","title":"should export createExtractor function","duration":0.34219999999993433,"failureMessages":[],"meta":{}},{"ancestorTitles":["Comprehensive Extractor Module - Index","Core Exports"],"fullName":"Comprehensive Extractor Module - Index Core Exports should export extractComprehensiveMetadata (legacy)","status":"passed","title":"should export extractComprehensiveMetadata (legacy)","duration":0.25139999999998963,"failureMessages":[],"meta":{}},{"ancestorTitles":["Comprehensive Extractor Module - Index","Config Exports"],"fullName":"Comprehensive Extractor Module - Index Config Exports should export DEFAULT_CONFIG","status":"passed","title":"should export DEFAULT_CONFIG","duration":0.408800000000042,"failureMessages":[],"meta":{}},{"ancestorTitles":["Comprehensive Extractor Module - Index","Config Exports"],"fullName":"Comprehensive Extractor Module - Index Config Exports should export EXTRACTOR_STATS","status":"passed","title":"should export EXTRACTOR_STATS","duration":0.3302999999999656,"failureMessages":[],"meta":{}},{"ancestorTitles":["Comprehensive Extractor Module - Index","Config Exports"],"fullName":"Comprehensive Extractor Module - Index Config Exports should export DETAIL_LEVELS","status":"passed","title":"should export DETAIL_LEVELS","duration":0.31759999999997035,"failureMessages":[],"meta":{}},{"ancestorTitles":["Comprehensive Extractor Module - Index","Config Exports"],"fullName":"Comprehensive Extractor Module - Index Config Exports should export mergeConfig","status":"passed","title":"should export mergeConfig","duration":0.2719999999999345,"failureMessages":[],"meta":{}},{"ancestorTitles":["Comprehensive Extractor Module - Index","Metadata Exports"],"fullName":"Comprehensive Extractor Module - Index Metadata Exports should export extractBasicMetadata","status":"passed","title":"should export extractBasicMetadata","duration":0.25549999999998363,"failureMessages":[],"meta":{}},{"ancestorTitles":["Comprehensive Extractor Module - Index","Metadata Exports"],"fullName":"Comprehensive Extractor Module - Index Metadata Exports should export detectFileCategory","status":"passed","title":"should export detectFileCategory","duration":0.31769999999994525,"failureMessages":[],"meta":{}},{"ancestorTitles":["Comprehensive Extractor Module - Index","Metadata Exports"],"fullName":"Comprehensive Extractor Module - Index Metadata Exports should export calculateFileIndicators","status":"passed","title":"should export calculateFileIndicators","duration":0.26089999999999236,"failureMessages":[],"meta":{}},{"ancestorTitles":["Comprehensive Extractor Module - Index","Metrics Exports"],"fullName":"Comprehensive Extractor Module - Index Metrics Exports should export calculateMetrics","status":"passed","title":"should export calculateMetrics","duration":0.23469999999997526,"failureMessages":[],"meta":{}},{"ancestorTitles":["Comprehensive Extractor Module - Index","Metrics Exports"],"fullName":"Comprehensive Extractor Module - Index Metrics Exports should export calculateComplexityScore","status":"passed","title":"should export calculateComplexityScore","duration":0.19619999999997617,"failureMessages":[],"meta":{}},{"ancestorTitles":["Comprehensive Extractor Module - Index","Patterns Exports"],"fullName":"Comprehensive Extractor Module - Index Patterns Exports should export detectPatterns","status":"passed","title":"should export detectPatterns","duration":0.3388999999999669,"failureMessages":[],"meta":{}},{"ancestorTitles":["Comprehensive Extractor Module - Index","Patterns Exports"],"fullName":"Comprehensive Extractor Module - Index Patterns Exports should export detectPatternsByName","status":"passed","title":"should export detectPatternsByName","duration":0.2257000000000744,"failureMessages":[],"meta":{}},{"ancestorTitles":["Comprehensive Extractor Module - Index","Completeness Exports"],"fullName":"Comprehensive Extractor Module - Index Completeness Exports should export calculateCompleteness","status":"passed","title":"should export calculateCompleteness","duration":0.23839999999995598,"failureMessages":[],"meta":{}},{"ancestorTitles":["Comprehensive Extractor Module - Index","Completeness Exports"],"fullName":"Comprehensive Extractor Module - Index Completeness Exports should export shouldNeedLLM","status":"passed","title":"should export shouldNeedLLM","duration":0.19849999999996726,"failureMessages":[],"meta":{}},{"ancestorTitles":["Comprehensive Extractor Module - Index","Completeness Exports"],"fullName":"Comprehensive Extractor Module - Index Completeness Exports should export countActiveExtractors","status":"passed","title":"should export countActiveExtractors","duration":0.19089999999994234,"failureMessages":[],"meta":{}},{"ancestorTitles":["Comprehensive Extractor Module - Index","Completeness Exports"],"fullName":"Comprehensive Extractor Module - Index Completeness Exports should export assessQuality","status":"passed","title":"should export assessQuality","duration":0.21259999999995216,"failureMessages":[],"meta":{}},{"ancestorTitles":["Comprehensive Extractor Module - Index","Function Extractor Exports"],"fullName":"Comprehensive Extractor Module - Index Function Extractor Exports should export extractFunctions","status":"passed","title":"should export extractFunctions","duration":0.19899999999995543,"failureMessages":[],"meta":{}},{"ancestorTitles":["Comprehensive Extractor Module - Index","Function Extractor Exports"],"fullName":"Comprehensive Extractor Module - Index Function Extractor Exports should export extractFunctionCalls","status":"passed","title":"should export extractFunctionCalls","duration":0.2805999999999358,"failureMessages":[],"meta":{}},{"ancestorTitles":["Comprehensive Extractor Module - Index","Function Extractor Exports"],"fullName":"Comprehensive Extractor Module - Index Function Extractor Exports should export extractRecursiveFunctions","status":"passed","title":"should export extractRecursiveFunctions","duration":0.18469999999990705,"failureMessages":[],"meta":{}},{"ancestorTitles":["Comprehensive Extractor Module - Index","Function Extractor Exports"],"fullName":"Comprehensive Extractor Module - Index Function Extractor Exports should export extractHigherOrderFunctions","status":"passed","title":"should export extractHigherOrderFunctions","duration":0.19129999999995562,"failureMessages":[],"meta":{}},{"ancestorTitles":["Comprehensive Extractor Module - Index","Function Extractor Exports"],"fullName":"Comprehensive Extractor Module - Index Function Extractor Exports should export extractAsyncPatterns","status":"passed","title":"should export extractAsyncPatterns","duration":0.1875999999999749,"failureMessages":[],"meta":{}},{"ancestorTitles":["Comprehensive Extractor Module - Index","Class Extractor Exports"],"fullName":"Comprehensive Extractor Module - Index Class Extractor Exports should export extractClasses","status":"passed","title":"should export extractClasses","duration":0.19860000000005584,"failureMessages":[],"meta":{}},{"ancestorTitles":["Comprehensive Extractor Module - Index","Class Extractor Exports"],"fullName":"Comprehensive Extractor Module - Index Class Extractor Exports should export extractClassMethods","status":"passed","title":"should export extractClassMethods","duration":0.19519999999999982,"failureMessages":[],"meta":{}},{"ancestorTitles":["Comprehensive Extractor Module - Index","Class Extractor Exports"],"fullName":"Comprehensive Extractor Module - Index Class Extractor Exports should export extractClassProperties","status":"passed","title":"should export extractClassProperties","duration":0.19780000000002929,"failureMessages":[],"meta":{}},{"ancestorTitles":["Comprehensive Extractor Module - Index","Class Extractor Exports"],"fullName":"Comprehensive Extractor Module - Index Class Extractor Exports should export extractInheritanceHierarchy","status":"passed","title":"should export extractInheritanceHierarchy","duration":0.20529999999996562,"failureMessages":[],"meta":{}},{"ancestorTitles":["Comprehensive Extractor Module - Index","Class Extractor Exports"],"fullName":"Comprehensive Extractor Module - Index Class Extractor Exports should export calculateInheritanceDepth","status":"passed","title":"should export calculateInheritanceDepth","duration":0.21860000000003765,"failureMessages":[],"meta":{}},{"ancestorTitles":["Comprehensive Extractor Module - Index","Class Extractor Exports"],"fullName":"Comprehensive Extractor Module - Index Class Extractor Exports should export extractMixins","status":"passed","title":"should export extractMixins","duration":0.20640000000003056,"failureMessages":[],"meta":{}},{"ancestorTitles":["Comprehensive Extractor Module - Index","Class Extractor Exports"],"fullName":"Comprehensive Extractor Module - Index Class Extractor Exports should export extractClassBody","status":"passed","title":"should export extractClassBody","duration":0.226099999999974,"failureMessages":[],"meta":{}},{"ancestorTitles":["Comprehensive Extractor Module - Index","Class Extractor Exports"],"fullName":"Comprehensive Extractor Module - Index Class Extractor Exports should export extractImplements","status":"passed","title":"should export extractImplements","duration":0.2135999999999285,"failureMessages":[],"meta":{}},{"ancestorTitles":["Comprehensive Extractor Module - Index","Class Extractor Exports"],"fullName":"Comprehensive Extractor Module - Index Class Extractor Exports should export extractDecorators","status":"passed","title":"should export extractDecorators","duration":0.21810000000004948,"failureMessages":[],"meta":{}},{"ancestorTitles":["Comprehensive Extractor Module - Index","Import Extractor Exports"],"fullName":"Comprehensive Extractor Module - Index Import Extractor Exports should export extractImports","status":"passed","title":"should export extractImports","duration":0.21659999999997126,"failureMessages":[],"meta":{}},{"ancestorTitles":["Comprehensive Extractor Module - Index","Import Extractor Exports"],"fullName":"Comprehensive Extractor Module - Index Import Extractor Exports should export extractDynamicImports","status":"passed","title":"should export extractDynamicImports","duration":0.20429999999998927,"failureMessages":[],"meta":{}},{"ancestorTitles":["Comprehensive Extractor Module - Index","Import Extractor Exports"],"fullName":"Comprehensive Extractor Module - Index Import Extractor Exports should export extractImportAliases","status":"passed","title":"should export extractImportAliases","duration":0.19420000000002346,"failureMessages":[],"meta":{}},{"ancestorTitles":["Comprehensive Extractor Module - Index","Import Extractor Exports"],"fullName":"Comprehensive Extractor Module - Index Import Extractor Exports should export extractBarrelImports","status":"passed","title":"should export extractBarrelImports","duration":0.19000000000005457,"failureMessages":[],"meta":{}},{"ancestorTitles":["Comprehensive Extractor Module - Index","Import Extractor Exports"],"fullName":"Comprehensive Extractor Module - Index Import Extractor Exports should export extractUnusedImports","status":"passed","title":"should export extractUnusedImports","duration":0.17820000000006075,"failureMessages":[],"meta":{}},{"ancestorTitles":["Comprehensive Extractor Module - Index","Export Extractor Exports"],"fullName":"Comprehensive Extractor Module - Index Export Extractor Exports should export extractExports","status":"passed","title":"should export extractExports","duration":0.19129999999995562,"failureMessages":[],"meta":{}},{"ancestorTitles":["Comprehensive Extractor Module - Index","Export Extractor Exports"],"fullName":"Comprehensive Extractor Module - Index Export Extractor Exports should export parseCommonJSExports","status":"passed","title":"should export parseCommonJSExports","duration":0.20640000000003056,"failureMessages":[],"meta":{}},{"ancestorTitles":["Comprehensive Extractor Module - Index","Export Extractor Exports"],"fullName":"Comprehensive Extractor Module - Index Export Extractor Exports should export categorizeES6Exports","status":"passed","title":"should export categorizeES6Exports","duration":0.19030000000009295,"failureMessages":[],"meta":{}},{"ancestorTitles":["Comprehensive Extractor Module - Index","Export Extractor Exports"],"fullName":"Comprehensive Extractor Module - Index Export Extractor Exports should export determineExportStyle","status":"passed","title":"should export determineExportStyle","duration":0.1974999999999909,"failureMessages":[],"meta":{}},{"ancestorTitles":["Comprehensive Extractor Module - Index","Export Extractor Exports"],"fullName":"Comprehensive Extractor Module - Index Export Extractor Exports should export analyzeExportPatterns","status":"passed","title":"should export analyzeExportPatterns","duration":0.32929999999998927,"failureMessages":[],"meta":{}},{"ancestorTitles":["Comprehensive Extractor Module - Index","Export Extractor Exports"],"fullName":"Comprehensive Extractor Module - Index Export Extractor Exports should export extractBarrelPattern","status":"passed","title":"should export extractBarrelPattern","duration":0.2218000000000302,"failureMessages":[],"meta":{}},{"ancestorTitles":["Comprehensive Extractor Module - Index","Export Extractor Exports"],"fullName":"Comprehensive Extractor Module - Index Export Extractor Exports should export calculateExportMetrics","status":"passed","title":"should export calculateExportMetrics","duration":0.1753999999999678,"failureMessages":[],"meta":{}},{"ancestorTitles":["Comprehensive Extractor Module - Index","Export Extractor Exports"],"fullName":"Comprehensive Extractor Module - Index Export Extractor Exports should export extractUnusedExports","status":"passed","title":"should export extractUnusedExports","duration":0.17799999999999727,"failureMessages":[],"meta":{}},{"ancestorTitles":["Comprehensive Extractor Module - Index","Parser Exports"],"fullName":"Comprehensive Extractor Module - Index Parser Exports should export PARSER_CONFIG","status":"passed","title":"should export PARSER_CONFIG","duration":0.25919999999996435,"failureMessages":[],"meta":{}},{"ancestorTitles":["Comprehensive Extractor Module - Index","Parser Exports"],"fullName":"Comprehensive Extractor Module - Index Parser Exports should export parseAST","status":"passed","title":"should export parseAST","duration":0.1833000000000311,"failureMessages":[],"meta":{}},{"ancestorTitles":["Comprehensive Extractor Module - Index","Parser Exports"],"fullName":"Comprehensive Extractor Module - Index Parser Exports should export findNodesByType","status":"passed","title":"should export findNodesByType","duration":0.18439999999998236,"failureMessages":[],"meta":{}},{"ancestorTitles":["Comprehensive Extractor Module - Index","Parser Exports"],"fullName":"Comprehensive Extractor Module - Index Parser Exports should export findFunctions","status":"passed","title":"should export findFunctions","duration":0.19020000000000437,"failureMessages":[],"meta":{}},{"ancestorTitles":["Comprehensive Extractor Module - Index","Parser Exports"],"fullName":"Comprehensive Extractor Module - Index Parser Exports should export findArrowFunctions","status":"passed","title":"should export findArrowFunctions","duration":0.1817999999999529,"failureMessages":[],"meta":{}},{"ancestorTitles":["Comprehensive Extractor Module - Index","Parser Exports"],"fullName":"Comprehensive Extractor Module - Index Parser Exports should export findClasses","status":"passed","title":"should export findClasses","duration":0.23860000000001946,"failureMessages":[],"meta":{}},{"ancestorTitles":["Comprehensive Extractor Module - Index","Parser Exports"],"fullName":"Comprehensive Extractor Module - Index Parser Exports should export findImports","status":"passed","title":"should export findImports","duration":0.1694999999999709,"failureMessages":[],"meta":{}},{"ancestorTitles":["Comprehensive Extractor Module - Index","Parser Exports"],"fullName":"Comprehensive Extractor Module - Index Parser Exports should export findExports","status":"passed","title":"should export findExports","duration":0.1634999999999991,"failureMessages":[],"meta":{}},{"ancestorTitles":["Comprehensive Extractor Module - Index","Parser Exports"],"fullName":"Comprehensive Extractor Module - Index Parser Exports should export findMethods","status":"passed","title":"should export findMethods","duration":0.15579999999999927,"failureMessages":[],"meta":{}},{"ancestorTitles":["Comprehensive Extractor Module - Index","Default Export"],"fullName":"Comprehensive Extractor Module - Index Default Export should have default export (extractComprehensiveMetadata)","status":"passed","title":"should have default export (extractComprehensiveMetadata)","duration":0.19799999999997908,"failureMessages":[],"meta":{}},{"ancestorTitles":["Comprehensive Extractor Module - Index","Functional Integration"],"fullName":"Comprehensive Extractor Module - Index Functional Integration createExtractor should create working extractor","status":"passed","title":"createExtractor should create working extractor","duration":1.057399999999916,"failureMessages":[],"meta":{}},{"ancestorTitles":["Comprehensive Extractor Module - Index","Functional Integration"],"fullName":"Comprehensive Extractor Module - Index Functional Integration extractComprehensiveMetadata should work as standalone function","status":"passed","title":"extractComprehensiveMetadata should work as standalone function","duration":6.7309999999999945,"failureMessages":[],"meta":{}}],"startTime":1771126267665,"endTime":1771126267689.731,"status":"passed","message":"","name":"C:/Dev/OmnySystem/tests/unit/layer-a-analysis/extractors/comprehensive-extractor/index.test.js"},{"assertionResults":[{"ancestorTitles":["Data Flow Module","Exports"],"fullName":"Data Flow Module Exports should export extractDataFlow function","status":"passed","title":"should export extractDataFlow function","duration":1.8199999999999363,"failureMessages":[],"meta":{}},{"ancestorTitles":["Data Flow Module","Exports"],"fullName":"Data Flow Module Exports should export InputExtractor class","status":"passed","title":"should export InputExtractor class","duration":0.2900999999999385,"failureMessages":[],"meta":{}},{"ancestorTitles":["Data Flow Module","Exports"],"fullName":"Data Flow Module Exports should export TransformationExtractor class","status":"passed","title":"should export TransformationExtractor class","duration":0.22460000000000946,"failureMessages":[],"meta":{}},{"ancestorTitles":["Data Flow Module","Exports"],"fullName":"Data Flow Module Exports should export OutputExtractor class","status":"passed","title":"should export OutputExtractor class","duration":0.5057999999999083,"failureMessages":[],"meta":{}},{"ancestorTitles":["Data Flow Module","Exports"],"fullName":"Data Flow Module Exports should export DataFlowAnalyzer class","status":"passed","title":"should export DataFlowAnalyzer class","duration":0.2860000000000582,"failureMessages":[],"meta":{}},{"ancestorTitles":["Data Flow Module","Exports"],"fullName":"Data Flow Module Exports should export GraphBuilder class","status":"passed","title":"should export GraphBuilder class","duration":0.18240000000014334,"failureMessages":[],"meta":{}},{"ancestorTitles":["Data Flow Module","Exports"],"fullName":"Data Flow Module Exports should export InvariantDetector class","status":"passed","title":"should export InvariantDetector class","duration":0.2583999999999378,"failureMessages":[],"meta":{}},{"ancestorTitles":["Data Flow Module","Exports"],"fullName":"Data Flow Module Exports should export TypeInferrer class","status":"passed","title":"should export TypeInferrer class","duration":0.22880000000009204,"failureMessages":[],"meta":{}},{"ancestorTitles":["Data Flow Module","Exports"],"fullName":"Data Flow Module Exports should export ScopeManager class","status":"passed","title":"should export ScopeManager class","duration":0.5576000000000931,"failureMessages":[],"meta":{}},{"ancestorTitles":["Data Flow Module","Exports"],"fullName":"Data Flow Module Exports should export PatternIndexManager class","status":"passed","title":"should export PatternIndexManager class","duration":0.2724000000000615,"failureMessages":[],"meta":{}},{"ancestorTitles":["Data Flow Module","extractDataFlow Integration"],"fullName":"Data Flow Module extractDataFlow Integration should extract data flow from simple function","status":"failed","title":"should extract data flow from simple function","duration":25.29300000000012,"failureMessages":["AssertionError: expected undefined to be defined\n    at C:/Dev/OmnySystem/tests/unit/layer-a-analysis/extractors/data-flow/index.test.js:72:29\n    at file:///C:/Dev/OmnySystem/node_modules/@vitest/runner/dist/index.js:145:11\n    at file:///C:/Dev/OmnySystem/node_modules/@vitest/runner/dist/index.js:915:26\n    at file:///C:/Dev/OmnySystem/node_modules/@vitest/runner/dist/index.js:1243:20\n    at new Promise (<anonymous>)\n    at runWithTimeout (file:///C:/Dev/OmnySystem/node_modules/@vitest/runner/dist/index.js:1209:10)\n    at file:///C:/Dev/OmnySystem/node_modules/@vitest/runner/dist/index.js:1653:37\n    at Traces.$ (file:///C:/Dev/OmnySystem/node_modules/vitest/dist/chunks/traces.CCmnQaNT.js:142:27)\n    at trace (file:///C:/Dev/OmnySystem/node_modules/vitest/dist/chunks/test.B8ej_ZHS.js:239:21)\n    at runTest (file:///C:/Dev/OmnySystem/node_modules/@vitest/runner/dist/index.js:1653:12)","AssertionError: expected undefined to be defined\n    at C:/Dev/OmnySystem/tests/unit/layer-a-analysis/extractors/data-flow/index.test.js:72:29\n    at file:///C:/Dev/OmnySystem/node_modules/@vitest/runner/dist/index.js:145:11\n    at file:///C:/Dev/OmnySystem/node_modules/@vitest/runner/dist/index.js:915:26\n    at file:///C:/Dev/OmnySystem/node_modules/@vitest/runner/dist/index.js:1243:20\n    at new Promise (<anonymous>)\n    at runWithTimeout (file:///C:/Dev/OmnySystem/node_modules/@vitest/runner/dist/index.js:1209:10)\n    at file:///C:/Dev/OmnySystem/node_modules/@vitest/runner/dist/index.js:1653:37\n    at Traces.$ (file:///C:/Dev/OmnySystem/node_modules/vitest/dist/chunks/traces.CCmnQaNT.js:142:27)\n    at trace (file:///C:/Dev/OmnySystem/node_modules/vitest/dist/chunks/test.B8ej_ZHS.js:239:21)\n    at runTest (file:///C:/Dev/OmnySystem/node_modules/@vitest/runner/dist/index.js:1653:12)"],"meta":{}},{"ancestorTitles":["Data Flow Module","extractDataFlow Integration"],"fullName":"Data Flow Module extractDataFlow Integration should extract inputs correctly","status":"failed","title":"should extract inputs correctly","duration":4.4198999999998705,"failureMessages":["AssertionError: Target cannot be null or undefined.\n    at Proxy.<anonymous> (file:///C:/Dev/OmnySystem/node_modules/@vitest/expect/dist/index.js:1322:20)\n    at Proxy.<anonymous> (file:///C:/Dev/OmnySystem/node_modules/@vitest/expect/dist/index.js:1090:14)\n    at Proxy.methodWrapper (file:///C:/Dev/OmnySystem/node_modules/chai/index.js:1700:25)\n    at C:/Dev/OmnySystem/tests/unit/layer-a-analysis/extractors/data-flow/index.test.js:81:29\n    at file:///C:/Dev/OmnySystem/node_modules/@vitest/runner/dist/index.js:145:11\n    at file:///C:/Dev/OmnySystem/node_modules/@vitest/runner/dist/index.js:915:26\n    at file:///C:/Dev/OmnySystem/node_modules/@vitest/runner/dist/index.js:1243:20\n    at new Promise (<anonymous>)\n    at runWithTimeout (file:///C:/Dev/OmnySystem/node_modules/@vitest/runner/dist/index.js:1209:10)\n    at file:///C:/Dev/OmnySystem/node_modules/@vitest/runner/dist/index.js:1653:37","AssertionError: Target cannot be null or undefined.\n    at Proxy.<anonymous> (file:///C:/Dev/OmnySystem/node_modules/@vitest/expect/dist/index.js:1322:20)\n    at Proxy.<anonymous> (file:///C:/Dev/OmnySystem/node_modules/@vitest/expect/dist/index.js:1090:14)\n    at Proxy.methodWrapper (file:///C:/Dev/OmnySystem/node_modules/chai/index.js:1700:25)\n    at C:/Dev/OmnySystem/tests/unit/layer-a-analysis/extractors/data-flow/index.test.js:81:29\n    at file:///C:/Dev/OmnySystem/node_modules/@vitest/runner/dist/index.js:145:11\n    at file:///C:/Dev/OmnySystem/node_modules/@vitest/runner/dist/index.js:915:26\n    at file:///C:/Dev/OmnySystem/node_modules/@vitest/runner/dist/index.js:1243:20\n    at new Promise (<anonymous>)\n    at runWithTimeout (file:///C:/Dev/OmnySystem/node_modules/@vitest/runner/dist/index.js:1209:10)\n    at file:///C:/Dev/OmnySystem/node_modules/@vitest/runner/dist/index.js:1653:37"],"meta":{}},{"ancestorTitles":["Data Flow Module","extractDataFlow Integration"],"fullName":"Data Flow Module extractDataFlow Integration should extract outputs correctly","status":"failed","title":"should extract outputs correctly","duration":3.4630999999999403,"failureMessages":["TypeError: Cannot read properties of undefined (reading 'length')\n    at C:/Dev/OmnySystem/tests/unit/layer-a-analysis/extractors/data-flow/index.test.js:89:29\n    at file:///C:/Dev/OmnySystem/node_modules/@vitest/runner/dist/index.js:145:11\n    at file:///C:/Dev/OmnySystem/node_modules/@vitest/runner/dist/index.js:915:26\n    at file:///C:/Dev/OmnySystem/node_modules/@vitest/runner/dist/index.js:1243:20\n    at new Promise (<anonymous>)\n    at runWithTimeout (file:///C:/Dev/OmnySystem/node_modules/@vitest/runner/dist/index.js:1209:10)\n    at file:///C:/Dev/OmnySystem/node_modules/@vitest/runner/dist/index.js:1653:37\n    at Traces.$ (file:///C:/Dev/OmnySystem/node_modules/vitest/dist/chunks/traces.CCmnQaNT.js:142:27)\n    at trace (file:///C:/Dev/OmnySystem/node_modules/vitest/dist/chunks/test.B8ej_ZHS.js:239:21)\n    at runTest (file:///C:/Dev/OmnySystem/node_modules/@vitest/runner/dist/index.js:1653:12)","TypeError: Cannot read properties of undefined (reading 'length')\n    at C:/Dev/OmnySystem/tests/unit/layer-a-analysis/extractors/data-flow/index.test.js:89:29\n    at file:///C:/Dev/OmnySystem/node_modules/@vitest/runner/dist/index.js:145:11\n    at file:///C:/Dev/OmnySystem/node_modules/@vitest/runner/dist/index.js:915:26\n    at file:///C:/Dev/OmnySystem/node_modules/@vitest/runner/dist/index.js:1243:20\n    at new Promise (<anonymous>)\n    at runWithTimeout (file:///C:/Dev/OmnySystem/node_modules/@vitest/runner/dist/index.js:1209:10)\n    at file:///C:/Dev/OmnySystem/node_modules/@vitest/runner/dist/index.js:1653:37\n    at Traces.$ (file:///C:/Dev/OmnySystem/node_modules/vitest/dist/chunks/traces.CCmnQaNT.js:142:27)\n    at trace (file:///C:/Dev/OmnySystem/node_modules/vitest/dist/chunks/test.B8ej_ZHS.js:239:21)\n    at runTest (file:///C:/Dev/OmnySystem/node_modules/@vitest/runner/dist/index.js:1653:12)"],"meta":{}},{"ancestorTitles":["Data Flow Module","extractDataFlow Integration"],"fullName":"Data Flow Module extractDataFlow Integration should build a graph","status":"failed","title":"should build a graph","duration":2.123100000000022,"failureMessages":["TypeError: Cannot read properties of undefined (reading 'nodes')\n    at C:/Dev/OmnySystem/tests/unit/layer-a-analysis/extractors/data-flow/index.test.js:97:27\n    at file:///C:/Dev/OmnySystem/node_modules/@vitest/runner/dist/index.js:145:11\n    at file:///C:/Dev/OmnySystem/node_modules/@vitest/runner/dist/index.js:915:26\n    at file:///C:/Dev/OmnySystem/node_modules/@vitest/runner/dist/index.js:1243:20\n    at new Promise (<anonymous>)\n    at runWithTimeout (file:///C:/Dev/OmnySystem/node_modules/@vitest/runner/dist/index.js:1209:10)\n    at file:///C:/Dev/OmnySystem/node_modules/@vitest/runner/dist/index.js:1653:37\n    at Traces.$ (file:///C:/Dev/OmnySystem/node_modules/vitest/dist/chunks/traces.CCmnQaNT.js:142:27)\n    at trace (file:///C:/Dev/OmnySystem/node_modules/vitest/dist/chunks/test.B8ej_ZHS.js:239:21)\n    at runTest (file:///C:/Dev/OmnySystem/node_modules/@vitest/runner/dist/index.js:1653:12)","TypeError: Cannot read properties of undefined (reading 'nodes')\n    at C:/Dev/OmnySystem/tests/unit/layer-a-analysis/extractors/data-flow/index.test.js:97:27\n    at file:///C:/Dev/OmnySystem/node_modules/@vitest/runner/dist/index.js:145:11\n    at file:///C:/Dev/OmnySystem/node_modules/@vitest/runner/dist/index.js:915:26\n    at file:///C:/Dev/OmnySystem/node_modules/@vitest/runner/dist/index.js:1243:20\n    at new Promise (<anonymous>)\n    at runWithTimeout (file:///C:/Dev/OmnySystem/node_modules/@vitest/runner/dist/index.js:1209:10)\n    at file:///C:/Dev/OmnySystem/node_modules/@vitest/runner/dist/index.js:1653:37\n    at Traces.$ (file:///C:/Dev/OmnySystem/node_modules/vitest/dist/chunks/traces.CCmnQaNT.js:142:27)\n    at trace (file:///C:/Dev/OmnySystem/node_modules/vitest/dist/chunks/test.B8ej_ZHS.js:239:21)\n    at runTest (file:///C:/Dev/OmnySystem/node_modules/@vitest/runner/dist/index.js:1653:12)"],"meta":{}},{"ancestorTitles":["Data Flow Module","extractDataFlow Integration"],"fullName":"Data Flow Module extractDataFlow Integration should handle async functions","status":"failed","title":"should handle async functions","duration":10.356199999999944,"failureMessages":["AssertionError: expected 'Cannot read properties of undefined (…' to be undefined\n    at C:/Dev/OmnySystem/tests/unit/layer-a-analysis/extractors/data-flow/index.test.js:106:28\n    at file:///C:/Dev/OmnySystem/node_modules/@vitest/runner/dist/index.js:145:11\n    at file:///C:/Dev/OmnySystem/node_modules/@vitest/runner/dist/index.js:915:26\n    at file:///C:/Dev/OmnySystem/node_modules/@vitest/runner/dist/index.js:1243:20\n    at new Promise (<anonymous>)\n    at runWithTimeout (file:///C:/Dev/OmnySystem/node_modules/@vitest/runner/dist/index.js:1209:10)\n    at file:///C:/Dev/OmnySystem/node_modules/@vitest/runner/dist/index.js:1653:37\n    at Traces.$ (file:///C:/Dev/OmnySystem/node_modules/vitest/dist/chunks/traces.CCmnQaNT.js:142:27)\n    at trace (file:///C:/Dev/OmnySystem/node_modules/vitest/dist/chunks/test.B8ej_ZHS.js:239:21)\n    at runTest (file:///C:/Dev/OmnySystem/node_modules/@vitest/runner/dist/index.js:1653:12)","AssertionError: expected 'Cannot read properties of undefined (…' to be undefined\n    at C:/Dev/OmnySystem/tests/unit/layer-a-analysis/extractors/data-flow/index.test.js:106:28\n    at file:///C:/Dev/OmnySystem/node_modules/@vitest/runner/dist/index.js:145:11\n    at file:///C:/Dev/OmnySystem/node_modules/@vitest/runner/dist/index.js:915:26\n    at file:///C:/Dev/OmnySystem/node_modules/@vitest/runner/dist/index.js:1243:20\n    at new Promise (<anonymous>)\n    at runWithTimeout (file:///C:/Dev/OmnySystem/node_modules/@vitest/runner/dist/index.js:1209:10)\n    at file:///C:/Dev/OmnySystem/node_modules/@vitest/runner/dist/index.js:1653:37\n    at Traces.$ (file:///C:/Dev/OmnySystem/node_modules/vitest/dist/chunks/traces.CCmnQaNT.js:142:27)\n    at trace (file:///C:/Dev/OmnySystem/node_modules/vitest/dist/chunks/test.B8ej_ZHS.js:239:21)\n    at runTest (file:///C:/Dev/OmnySystem/node_modules/@vitest/runner/dist/index.js:1653:12)"],"meta":{}},{"ancestorTitles":["Data Flow Module","extractDataFlow Integration"],"fullName":"Data Flow Module extractDataFlow Integration should handle arrow functions","status":"failed","title":"should handle arrow functions","duration":3.5950000000000273,"failureMessages":["AssertionError: expected 'Cannot read properties of undefined (…' to be undefined\n    at C:/Dev/OmnySystem/tests/unit/layer-a-analysis/extractors/data-flow/index.test.js:113:28\n    at file:///C:/Dev/OmnySystem/node_modules/@vitest/runner/dist/index.js:145:11\n    at file:///C:/Dev/OmnySystem/node_modules/@vitest/runner/dist/index.js:915:26\n    at file:///C:/Dev/OmnySystem/node_modules/@vitest/runner/dist/index.js:1243:20\n    at new Promise (<anonymous>)\n    at runWithTimeout (file:///C:/Dev/OmnySystem/node_modules/@vitest/runner/dist/index.js:1209:10)\n    at file:///C:/Dev/OmnySystem/node_modules/@vitest/runner/dist/index.js:1653:37\n    at Traces.$ (file:///C:/Dev/OmnySystem/node_modules/vitest/dist/chunks/traces.CCmnQaNT.js:142:27)\n    at trace (file:///C:/Dev/OmnySystem/node_modules/vitest/dist/chunks/test.B8ej_ZHS.js:239:21)\n    at runTest (file:///C:/Dev/OmnySystem/node_modules/@vitest/runner/dist/index.js:1653:12)","AssertionError: expected 'Cannot read properties of undefined (…' to be undefined\n    at C:/Dev/OmnySystem/tests/unit/layer-a-analysis/extractors/data-flow/index.test.js:113:28\n    at file:///C:/Dev/OmnySystem/node_modules/@vitest/runner/dist/index.js:145:11\n    at file:///C:/Dev/OmnySystem/node_modules/@vitest/runner/dist/index.js:915:26\n    at file:///C:/Dev/OmnySystem/node_modules/@vitest/runner/dist/index.js:1243:20\n    at new Promise (<anonymous>)\n    at runWithTimeout (file:///C:/Dev/OmnySystem/node_modules/@vitest/runner/dist/index.js:1209:10)\n    at file:///C:/Dev/OmnySystem/node_modules/@vitest/runner/dist/index.js:1653:37\n    at Traces.$ (file:///C:/Dev/OmnySystem/node_modules/vitest/dist/chunks/traces.CCmnQaNT.js:142:27)\n    at trace (file:///C:/Dev/OmnySystem/node_modules/vitest/dist/chunks/test.B8ej_ZHS.js:239:21)\n    at runTest (file:///C:/Dev/OmnySystem/node_modules/@vitest/runner/dist/index.js:1653:12)"],"meta":{}},{"ancestorTitles":["Data Flow Module","extractDataFlow Integration"],"fullName":"Data Flow Module extractDataFlow Integration should handle functions with defaults","status":"failed","title":"should handle functions with defaults","duration":3.605399999999918,"failureMessages":["AssertionError: Target cannot be null or undefined.\n    at Proxy.<anonymous> (file:///C:/Dev/OmnySystem/node_modules/@vitest/expect/dist/index.js:1322:20)\n    at Proxy.<anonymous> (file:///C:/Dev/OmnySystem/node_modules/@vitest/expect/dist/index.js:1090:14)\n    at Proxy.methodWrapper (file:///C:/Dev/OmnySystem/node_modules/chai/index.js:1700:25)\n    at C:/Dev/OmnySystem/tests/unit/layer-a-analysis/extractors/data-flow/index.test.js:120:29\n    at file:///C:/Dev/OmnySystem/node_modules/@vitest/runner/dist/index.js:145:11\n    at file:///C:/Dev/OmnySystem/node_modules/@vitest/runner/dist/index.js:915:26\n    at file:///C:/Dev/OmnySystem/node_modules/@vitest/runner/dist/index.js:1243:20\n    at new Promise (<anonymous>)\n    at runWithTimeout (file:///C:/Dev/OmnySystem/node_modules/@vitest/runner/dist/index.js:1209:10)\n    at file:///C:/Dev/OmnySystem/node_modules/@vitest/runner/dist/index.js:1653:37","AssertionError: Target cannot be null or undefined.\n    at Proxy.<anonymous> (file:///C:/Dev/OmnySystem/node_modules/@vitest/expect/dist/index.js:1322:20)\n    at Proxy.<anonymous> (file:///C:/Dev/OmnySystem/node_modules/@vitest/expect/dist/index.js:1090:14)\n    at Proxy.methodWrapper (file:///C:/Dev/OmnySystem/node_modules/chai/index.js:1700:25)\n    at C:/Dev/OmnySystem/tests/unit/layer-a-analysis/extractors/data-flow/index.test.js:120:29\n    at file:///C:/Dev/OmnySystem/node_modules/@vitest/runner/dist/index.js:145:11\n    at file:///C:/Dev/OmnySystem/node_modules/@vitest/runner/dist/index.js:915:26\n    at file:///C:/Dev/OmnySystem/node_modules/@vitest/runner/dist/index.js:1243:20\n    at new Promise (<anonymous>)\n    at runWithTimeout (file:///C:/Dev/OmnySystem/node_modules/@vitest/runner/dist/index.js:1209:10)\n    at file:///C:/Dev/OmnySystem/node_modules/@vitest/runner/dist/index.js:1653:37"],"meta":{}},{"ancestorTitles":["Data Flow Module","extractDataFlow Integration"],"fullName":"Data Flow Module extractDataFlow Integration should handle destructured parameters","status":"failed","title":"should handle destructured parameters","duration":6.86889999999994,"failureMessages":["TypeError: Cannot read properties of undefined (reading 'length')\n    at C:/Dev/OmnySystem/tests/unit/layer-a-analysis/extractors/data-flow/index.test.js:128:28\n    at file:///C:/Dev/OmnySystem/node_modules/@vitest/runner/dist/index.js:145:11\n    at file:///C:/Dev/OmnySystem/node_modules/@vitest/runner/dist/index.js:915:26\n    at file:///C:/Dev/OmnySystem/node_modules/@vitest/runner/dist/index.js:1243:20\n    at new Promise (<anonymous>)\n    at runWithTimeout (file:///C:/Dev/OmnySystem/node_modules/@vitest/runner/dist/index.js:1209:10)\n    at file:///C:/Dev/OmnySystem/node_modules/@vitest/runner/dist/index.js:1653:37\n    at Traces.$ (file:///C:/Dev/OmnySystem/node_modules/vitest/dist/chunks/traces.CCmnQaNT.js:142:27)\n    at trace (file:///C:/Dev/OmnySystem/node_modules/vitest/dist/chunks/test.B8ej_ZHS.js:239:21)\n    at runTest (file:///C:/Dev/OmnySystem/node_modules/@vitest/runner/dist/index.js:1653:12)","TypeError: Cannot read properties of undefined (reading 'length')\n    at C:/Dev/OmnySystem/tests/unit/layer-a-analysis/extractors/data-flow/index.test.js:128:28\n    at file:///C:/Dev/OmnySystem/node_modules/@vitest/runner/dist/index.js:145:11\n    at file:///C:/Dev/OmnySystem/node_modules/@vitest/runner/dist/index.js:915:26\n    at file:///C:/Dev/OmnySystem/node_modules/@vitest/runner/dist/index.js:1243:20\n    at new Promise (<anonymous>)\n    at runWithTimeout (file:///C:/Dev/OmnySystem/node_modules/@vitest/runner/dist/index.js:1209:10)\n    at file:///C:/Dev/OmnySystem/node_modules/@vitest/runner/dist/index.js:1653:37\n    at Traces.$ (file:///C:/Dev/OmnySystem/node_modules/vitest/dist/chunks/traces.CCmnQaNT.js:142:27)\n    at trace (file:///C:/Dev/OmnySystem/node_modules/vitest/dist/chunks/test.B8ej_ZHS.js:239:21)\n    at runTest (file:///C:/Dev/OmnySystem/node_modules/@vitest/runner/dist/index.js:1653:12)"],"meta":{}},{"ancestorTitles":["Data Flow Module","extractDataFlow Integration"],"fullName":"Data Flow Module extractDataFlow Integration should handle functions with side effects","status":"failed","title":"should handle functions with side effects","duration":4.547800000000052,"failureMessages":["TypeError: Cannot read properties of undefined (reading 'find')\n    at C:/Dev/OmnySystem/tests/unit/layer-a-analysis/extractors/data-flow/index.test.js:135:41\n    at file:///C:/Dev/OmnySystem/node_modules/@vitest/runner/dist/index.js:145:11\n    at file:///C:/Dev/OmnySystem/node_modules/@vitest/runner/dist/index.js:915:26\n    at file:///C:/Dev/OmnySystem/node_modules/@vitest/runner/dist/index.js:1243:20\n    at new Promise (<anonymous>)\n    at runWithTimeout (file:///C:/Dev/OmnySystem/node_modules/@vitest/runner/dist/index.js:1209:10)\n    at file:///C:/Dev/OmnySystem/node_modules/@vitest/runner/dist/index.js:1653:37\n    at Traces.$ (file:///C:/Dev/OmnySystem/node_modules/vitest/dist/chunks/traces.CCmnQaNT.js:142:27)\n    at trace (file:///C:/Dev/OmnySystem/node_modules/vitest/dist/chunks/test.B8ej_ZHS.js:239:21)\n    at runTest (file:///C:/Dev/OmnySystem/node_modules/@vitest/runner/dist/index.js:1653:12)","TypeError: Cannot read properties of undefined (reading 'find')\n    at C:/Dev/OmnySystem/tests/unit/layer-a-analysis/extractors/data-flow/index.test.js:135:41\n    at file:///C:/Dev/OmnySystem/node_modules/@vitest/runner/dist/index.js:145:11\n    at file:///C:/Dev/OmnySystem/node_modules/@vitest/runner/dist/index.js:915:26\n    at file:///C:/Dev/OmnySystem/node_modules/@vitest/runner/dist/index.js:1243:20\n    at new Promise (<anonymous>)\n    at runWithTimeout (file:///C:/Dev/OmnySystem/node_modules/@vitest/runner/dist/index.js:1209:10)\n    at file:///C:/Dev/OmnySystem/node_modules/@vitest/runner/dist/index.js:1653:37\n    at Traces.$ (file:///C:/Dev/OmnySystem/node_modules/vitest/dist/chunks/traces.CCmnQaNT.js:142:27)\n    at trace (file:///C:/Dev/OmnySystem/node_modules/vitest/dist/chunks/test.B8ej_ZHS.js:239:21)\n    at runTest (file:///C:/Dev/OmnySystem/node_modules/@vitest/runner/dist/index.js:1653:12)"],"meta":{}},{"ancestorTitles":["Data Flow Module","extractDataFlow Integration"],"fullName":"Data Flow Module extractDataFlow Integration should include metadata","status":"failed","title":"should include metadata","duration":2.1485000000000127,"failureMessages":["AssertionError: expected undefined to be defined\n    at C:/Dev/OmnySystem/tests/unit/layer-a-analysis/extractors/data-flow/index.test.js:142:28\n    at file:///C:/Dev/OmnySystem/node_modules/@vitest/runner/dist/index.js:145:11\n    at file:///C:/Dev/OmnySystem/node_modules/@vitest/runner/dist/index.js:915:26\n    at file:///C:/Dev/OmnySystem/node_modules/@vitest/runner/dist/index.js:1243:20\n    at new Promise (<anonymous>)\n    at runWithTimeout (file:///C:/Dev/OmnySystem/node_modules/@vitest/runner/dist/index.js:1209:10)\n    at file:///C:/Dev/OmnySystem/node_modules/@vitest/runner/dist/index.js:1653:37\n    at Traces.$ (file:///C:/Dev/OmnySystem/node_modules/vitest/dist/chunks/traces.CCmnQaNT.js:142:27)\n    at trace (file:///C:/Dev/OmnySystem/node_modules/vitest/dist/chunks/test.B8ej_ZHS.js:239:21)\n    at runTest (file:///C:/Dev/OmnySystem/node_modules/@vitest/runner/dist/index.js:1653:12)","AssertionError: expected undefined to be defined\n    at C:/Dev/OmnySystem/tests/unit/layer-a-analysis/extractors/data-flow/index.test.js:142:28\n    at file:///C:/Dev/OmnySystem/node_modules/@vitest/runner/dist/index.js:145:11\n    at file:///C:/Dev/OmnySystem/node_modules/@vitest/runner/dist/index.js:915:26\n    at file:///C:/Dev/OmnySystem/node_modules/@vitest/runner/dist/index.js:1243:20\n    at new Promise (<anonymous>)\n    at runWithTimeout (file:///C:/Dev/OmnySystem/node_modules/@vitest/runner/dist/index.js:1209:10)\n    at file:///C:/Dev/OmnySystem/node_modules/@vitest/runner/dist/index.js:1653:37\n    at Traces.$ (file:///C:/Dev/OmnySystem/node_modules/vitest/dist/chunks/traces.CCmnQaNT.js:142:27)\n    at trace (file:///C:/Dev/OmnySystem/node_modules/vitest/dist/chunks/test.B8ej_ZHS.js:239:21)\n    at runTest (file:///C:/Dev/OmnySystem/node_modules/@vitest/runner/dist/index.js:1653:12)"],"meta":{}},{"ancestorTitles":["Data Flow Module","Options Handling"],"fullName":"Data Flow Module Options Handling should not detect invariants by default","status":"failed","title":"should not detect invariants by default","duration":10.24779999999987,"failureMessages":["TypeError: Cannot read properties of undefined (reading 'invariants')\n    at C:/Dev/OmnySystem/tests/unit/layer-a-analysis/extractors/data-flow/index.test.js:152:30\n    at file:///C:/Dev/OmnySystem/node_modules/@vitest/runner/dist/index.js:145:11\n    at file:///C:/Dev/OmnySystem/node_modules/@vitest/runner/dist/index.js:915:26\n    at file:///C:/Dev/OmnySystem/node_modules/@vitest/runner/dist/index.js:1243:20\n    at new Promise (<anonymous>)\n    at runWithTimeout (file:///C:/Dev/OmnySystem/node_modules/@vitest/runner/dist/index.js:1209:10)\n    at file:///C:/Dev/OmnySystem/node_modules/@vitest/runner/dist/index.js:1653:37\n    at Traces.$ (file:///C:/Dev/OmnySystem/node_modules/vitest/dist/chunks/traces.CCmnQaNT.js:142:27)\n    at trace (file:///C:/Dev/OmnySystem/node_modules/vitest/dist/chunks/test.B8ej_ZHS.js:239:21)\n    at runTest (file:///C:/Dev/OmnySystem/node_modules/@vitest/runner/dist/index.js:1653:12)","TypeError: Cannot read properties of undefined (reading 'invariants')\n    at C:/Dev/OmnySystem/tests/unit/layer-a-analysis/extractors/data-flow/index.test.js:152:30\n    at file:///C:/Dev/OmnySystem/node_modules/@vitest/runner/dist/index.js:145:11\n    at file:///C:/Dev/OmnySystem/node_modules/@vitest/runner/dist/index.js:915:26\n    at file:///C:/Dev/OmnySystem/node_modules/@vitest/runner/dist/index.js:1243:20\n    at new Promise (<anonymous>)\n    at runWithTimeout (file:///C:/Dev/OmnySystem/node_modules/@vitest/runner/dist/index.js:1209:10)\n    at file:///C:/Dev/OmnySystem/node_modules/@vitest/runner/dist/index.js:1653:37\n    at Traces.$ (file:///C:/Dev/OmnySystem/node_modules/vitest/dist/chunks/traces.CCmnQaNT.js:142:27)\n    at trace (file:///C:/Dev/OmnySystem/node_modules/vitest/dist/chunks/test.B8ej_ZHS.js:239:21)\n    at runTest (file:///C:/Dev/OmnySystem/node_modules/@vitest/runner/dist/index.js:1653:12)"],"meta":{}},{"ancestorTitles":["Data Flow Module","Options Handling"],"fullName":"Data Flow Module Options Handling should detect invariants when option is set","status":"failed","title":"should detect invariants when option is set","duration":4.861400000000003,"failureMessages":["TypeError: Cannot read properties of undefined (reading 'invariants')\n    at C:/Dev/OmnySystem/tests/unit/layer-a-analysis/extractors/data-flow/index.test.js:158:30\n    at file:///C:/Dev/OmnySystem/node_modules/@vitest/runner/dist/index.js:145:11\n    at file:///C:/Dev/OmnySystem/node_modules/@vitest/runner/dist/index.js:915:26\n    at file:///C:/Dev/OmnySystem/node_modules/@vitest/runner/dist/index.js:1243:20\n    at new Promise (<anonymous>)\n    at runWithTimeout (file:///C:/Dev/OmnySystem/node_modules/@vitest/runner/dist/index.js:1209:10)\n    at file:///C:/Dev/OmnySystem/node_modules/@vitest/runner/dist/index.js:1653:37\n    at Traces.$ (file:///C:/Dev/OmnySystem/node_modules/vitest/dist/chunks/traces.CCmnQaNT.js:142:27)\n    at trace (file:///C:/Dev/OmnySystem/node_modules/vitest/dist/chunks/test.B8ej_ZHS.js:239:21)\n    at runTest (file:///C:/Dev/OmnySystem/node_modules/@vitest/runner/dist/index.js:1653:12)","TypeError: Cannot read properties of undefined (reading 'invariants')\n    at C:/Dev/OmnySystem/tests/unit/layer-a-analysis/extractors/data-flow/index.test.js:158:30\n    at file:///C:/Dev/OmnySystem/node_modules/@vitest/runner/dist/index.js:145:11\n    at file:///C:/Dev/OmnySystem/node_modules/@vitest/runner/dist/index.js:915:26\n    at file:///C:/Dev/OmnySystem/node_modules/@vitest/runner/dist/index.js:1243:20\n    at new Promise (<anonymous>)\n    at runWithTimeout (file:///C:/Dev/OmnySystem/node_modules/@vitest/runner/dist/index.js:1209:10)\n    at file:///C:/Dev/OmnySystem/node_modules/@vitest/runner/dist/index.js:1653:37\n    at Traces.$ (file:///C:/Dev/OmnySystem/node_modules/vitest/dist/chunks/traces.CCmnQaNT.js:142:27)\n    at trace (file:///C:/Dev/OmnySystem/node_modules/vitest/dist/chunks/test.B8ej_ZHS.js:239:21)\n    at runTest (file:///C:/Dev/OmnySystem/node_modules/@vitest/runner/dist/index.js:1653:12)"],"meta":{}},{"ancestorTitles":["Data Flow Module","Options Handling"],"fullName":"Data Flow Module Options Handling should not infer types by default","status":"failed","title":"should not infer types by default","duration":7.774300000000039,"failureMessages":["TypeError: Cannot read properties of undefined (reading 'inferredTypes')\n    at C:/Dev/OmnySystem/tests/unit/layer-a-analysis/extractors/data-flow/index.test.js:164:30\n    at file:///C:/Dev/OmnySystem/node_modules/@vitest/runner/dist/index.js:145:11\n    at file:///C:/Dev/OmnySystem/node_modules/@vitest/runner/dist/index.js:915:26\n    at file:///C:/Dev/OmnySystem/node_modules/@vitest/runner/dist/index.js:1243:20\n    at new Promise (<anonymous>)\n    at runWithTimeout (file:///C:/Dev/OmnySystem/node_modules/@vitest/runner/dist/index.js:1209:10)\n    at file:///C:/Dev/OmnySystem/node_modules/@vitest/runner/dist/index.js:1653:37\n    at Traces.$ (file:///C:/Dev/OmnySystem/node_modules/vitest/dist/chunks/traces.CCmnQaNT.js:142:27)\n    at trace (file:///C:/Dev/OmnySystem/node_modules/vitest/dist/chunks/test.B8ej_ZHS.js:239:21)\n    at runTest (file:///C:/Dev/OmnySystem/node_modules/@vitest/runner/dist/index.js:1653:12)","TypeError: Cannot read properties of undefined (reading 'inferredTypes')\n    at C:/Dev/OmnySystem/tests/unit/layer-a-analysis/extractors/data-flow/index.test.js:164:30\n    at file:///C:/Dev/OmnySystem/node_modules/@vitest/runner/dist/index.js:145:11\n    at file:///C:/Dev/OmnySystem/node_modules/@vitest/runner/dist/index.js:915:26\n    at file:///C:/Dev/OmnySystem/node_modules/@vitest/runner/dist/index.js:1243:20\n    at new Promise (<anonymous>)\n    at runWithTimeout (file:///C:/Dev/OmnySystem/node_modules/@vitest/runner/dist/index.js:1209:10)\n    at file:///C:/Dev/OmnySystem/node_modules/@vitest/runner/dist/index.js:1653:37\n    at Traces.$ (file:///C:/Dev/OmnySystem/node_modules/vitest/dist/chunks/traces.CCmnQaNT.js:142:27)\n    at trace (file:///C:/Dev/OmnySystem/node_modules/vitest/dist/chunks/test.B8ej_ZHS.js:239:21)\n    at runTest (file:///C:/Dev/OmnySystem/node_modules/@vitest/runner/dist/index.js:1653:12)"],"meta":{}
[...]
index.js:145:11\n    at file:///C:/Dev/OmnySystem/node_modules/@vitest/runner/dist/index.js:915:26\n    at file:///C:/Dev/OmnySystem/node_modules/@vitest/runner/dist/index.js:1243:20\n    at new Promise (<anonymous>)\n    at runWithTimeout (file:///C:/Dev/OmnySystem/node_modules/@vitest/runner/dist/index.js:1209:10)\n    at file:///C:/Dev/OmnySystem/node_modules/@vitest/runner/dist/index.js:1653:37\n    at Traces.$ (file:///C:/Dev/OmnySystem/node_modules/vitest/dist/chunks/traces.CCmnQaNT.js:142:27)\n    at trace (file:///C:/Dev/OmnySystem/node_modules/vitest/dist/chunks/test.B8ej_ZHS.js:239:21)\n    at runTest (file:///C:/Dev/OmnySystem/node_modules/@vitest/runner/dist/index.js:1653:12)","AssertionError: expected '<MemberExpression>' to contain 'user'\n    at C:/Dev/OmnySystem/tests/unit/layer-a-analysis/extractors/data-flow/visitors/output-extractor/extractors/return-extractor.test.js:82:26\n    at file:///C:/Dev/OmnySystem/node_modules/@vitest/runner/dist/index.js:145:11\n    at file:///C:/Dev/OmnySystem/node_modules/@vitest/runner/dist/index.js:915:26\n    at file:///C:/Dev/OmnySystem/node_modules/@vitest/runner/dist/index.js:1243:20\n    at new Promise (<anonymous>)\n    at runWithTimeout (file:///C:/Dev/OmnySystem/node_modules/@vitest/runner/dist/index.js:1209:10)\n    at file:///C:/Dev/OmnySystem/node_modules/@vitest/runner/dist/index.js:1653:37\n    at Traces.$ (file:///C:/Dev/OmnySystem/node_modules/vitest/dist/chunks/traces.CCmnQaNT.js:142:27)\n    at trace (file:///C:/Dev/OmnySystem/node_modules/vitest/dist/chunks/test.B8ej_ZHS.js:239:21)\n    at runTest (file:///C:/Dev/OmnySystem/node_modules/@vitest/runner/dist/index.js:1653:12)"],"meta":{}},{"ancestorTitles":["extractReturn"],"fullName":"extractReturn should handle return with undefined (no argument)","status":"passed","title":"should handle return with undefined (no argument)","duration":0.403699999999958,"failureMessages":[],"meta":{}},{"ancestorTitles":["extractReturn"],"fullName":"extractReturn should extract return with conditional expression","status":"failed","title":"should extract return with conditional expression","duration":2.637399999999957,"failureMessages":["AssertionError: expected 'expression' to be 'mixed' // Object.is equality\n    at C:/Dev/OmnySystem/tests/unit/layer-a-analysis/extractors/data-flow/visitors/output-extractor/extractors/return-extractor.test.js:106:26\n    at file:///C:/Dev/OmnySystem/node_modules/@vitest/runner/dist/index.js:145:11\n    at file:///C:/Dev/OmnySystem/node_modules/@vitest/runner/dist/index.js:915:26\n    at file:///C:/Dev/OmnySystem/node_modules/@vitest/runner/dist/index.js:1243:20\n    at new Promise (<anonymous>)\n    at runWithTimeout (file:///C:/Dev/OmnySystem/node_modules/@vitest/runner/dist/index.js:1209:10)\n    at file:///C:/Dev/OmnySystem/node_modules/@vitest/runner/dist/index.js:1653:37\n    at Traces.$ (file:///C:/Dev/OmnySystem/node_modules/vitest/dist/chunks/traces.CCmnQaNT.js:142:27)\n    at trace (file:///C:/Dev/OmnySystem/node_modules/vitest/dist/chunks/test.B8ej_ZHS.js:239:21)\n    at runTest (file:///C:/Dev/OmnySystem/node_modules/@vitest/runner/dist/index.js:1653:12)","AssertionError: expected 'expression' to be 'mixed' // Object.is equality\n    at C:/Dev/OmnySystem/tests/unit/layer-a-analysis/extractors/data-flow/visitors/output-extractor/extractors/return-extractor.test.js:106:26\n    at file:///C:/Dev/OmnySystem/node_modules/@vitest/runner/dist/index.js:145:11\n    at file:///C:/Dev/OmnySystem/node_modules/@vitest/runner/dist/index.js:915:26\n    at file:///C:/Dev/OmnySystem/node_modules/@vitest/runner/dist/index.js:1243:20\n    at new Promise (<anonymous>)\n    at runWithTimeout (file:///C:/Dev/OmnySystem/node_modules/@vitest/runner/dist/index.js:1209:10)\n    at file:///C:/Dev/OmnySystem/node_modules/@vitest/runner/dist/index.js:1653:37\n    at Traces.$ (file:///C:/Dev/OmnySystem/node_modules/vitest/dist/chunks/traces.CCmnQaNT.js:142:27)\n    at trace (file:///C:/Dev/OmnySystem/node_modules/vitest/dist/chunks/test.B8ej_ZHS.js:239:21)\n    at runTest (file:///C:/Dev/OmnySystem/node_modules/@vitest/runner/dist/index.js:1653:12)"],"meta":{}},{"ancestorTitles":["extractReturn"],"fullName":"extractReturn should extract return with logical expression","status":"passed","title":"should extract return with logical expression","duration":0.35540000000003147,"failureMessages":[],"meta":{}},{"ancestorTitles":["extractImplicitReturn"],"fullName":"extractImplicitReturn should extract implicit return from arrow function","status":"passed","title":"should extract implicit return from arrow function","duration":0.6044000000000551,"failureMessages":[],"meta":{}},{"ancestorTitles":["extractImplicitReturn"],"fullName":"extractImplicitReturn should extract implicit return with binary expression","status":"passed","title":"should extract implicit return with binary expression","duration":0.35969999999997526,"failureMessages":[],"meta":{}},{"ancestorTitles":["extractImplicitReturn"],"fullName":"extractImplicitReturn should extract implicit return with object literal","status":"failed","title":"should extract implicit return with object literal","duration":2.1603000000000065,"failureMessages":["AssertionError: expected '{ id }' to be 'object' // Object.is equality\n    at C:/Dev/OmnySystem/tests/unit/layer-a-analysis/extractors/data-flow/visitors/output-extractor/extractors/return-extractor.test.js:150:26\n    at file:///C:/Dev/OmnySystem/node_modules/@vitest/runner/dist/index.js:145:11\n    at file:///C:/Dev/OmnySystem/node_modules/@vitest/runner/dist/index.js:915:26\n    at file:///C:/Dev/OmnySystem/node_modules/@vitest/runner/dist/index.js:1243:20\n    at new Promise (<anonymous>)\n    at runWithTimeout (file:///C:/Dev/OmnySystem/node_modules/@vitest/runner/dist/index.js:1209:10)\n    at file:///C:/Dev/OmnySystem/node_modules/@vitest/runner/dist/index.js:1653:37\n    at Traces.$ (file:///C:/Dev/OmnySystem/node_modules/vitest/dist/chunks/traces.CCmnQaNT.js:142:27)\n    at trace (file:///C:/Dev/OmnySystem/node_modules/vitest/dist/chunks/test.B8ej_ZHS.js:239:21)\n    at runTest (file:///C:/Dev/OmnySystem/node_modules/@vitest/runner/dist/index.js:1653:12)","AssertionError: expected '{ id }' to be 'object' // Object.is equality\n    at C:/Dev/OmnySystem/tests/unit/layer-a-analysis/extractors/data-flow/visitors/output-extractor/extractors/return-extractor.test.js:150:26\n    at file:///C:/Dev/OmnySystem/node_modules/@vitest/runner/dist/index.js:145:11\n    at file:///C:/Dev/OmnySystem/node_modules/@vitest/runner/dist/index.js:915:26\n    at file:///C:/Dev/OmnySystem/node_modules/@vitest/runner/dist/index.js:1243:20\n    at new Promise (<anonymous>)\n    at runWithTimeout (file:///C:/Dev/OmnySystem/node_modules/@vitest/runner/dist/index.js:1209:10)\n    at file:///C:/Dev/OmnySystem/node_modules/@vitest/runner/dist/index.js:1653:37\n    at Traces.$ (file:///C:/Dev/OmnySystem/node_modules/vitest/dist/chunks/traces.CCmnQaNT.js:142:27)\n    at trace (file:///C:/Dev/OmnySystem/node_modules/vitest/dist/chunks/test.B8ej_ZHS.js:239:21)\n    at runTest (file:///C:/Dev/OmnySystem/node_modules/@vitest/runner/dist/index.js:1653:12)"],"meta":{}},{"ancestorTitles":["extractImplicitReturn"],"fullName":"extractImplicitReturn should extract implicit return with array literal","status":"failed","title":"should extract implicit return with array literal","duration":4.307000000000016,"failureMessages":["AssertionError: expected '[2]' to be 'array' // Object.is equality\n    at C:/Dev/OmnySystem/tests/unit/layer-a-analysis/extractors/data-flow/visitors/output-extractor/extractors/return-extractor.test.js:159:26\n    at file:///C:/Dev/OmnySystem/node_modules/@vitest/runner/dist/index.js:145:11\n    at file:///C:/Dev/OmnySystem/node_modules/@vitest/runner/dist/index.js:915:26\n    at file:///C:/Dev/OmnySystem/node_modules/@vitest/runner/dist/index.js:1243:20\n    at new Promise (<anonymous>)\n    at runWithTimeout (file:///C:/Dev/OmnySystem/node_modules/@vitest/runner/dist/index.js:1209:10)\n    at file:///C:/Dev/OmnySystem/node_modules/@vitest/runner/dist/index.js:1653:37\n    at Traces.$ (file:///C:/Dev/OmnySystem/node_modules/vitest/dist/chunks/traces.CCmnQaNT.js:142:27)\n    at trace (file:///C:/Dev/OmnySystem/node_modules/vitest/dist/chunks/test.B8ej_ZHS.js:239:21)\n    at runTest (file:///C:/Dev/OmnySystem/node_modules/@vitest/runner/dist/index.js:1653:12)","AssertionError: expected '[2]' to be 'array' // Object.is equality\n    at C:/Dev/OmnySystem/tests/unit/layer-a-analysis/extractors/data-flow/visitors/output-extractor/extractors/return-extractor.test.js:159:26\n    at file:///C:/Dev/OmnySystem/node_modules/@vitest/runner/dist/index.js:145:11\n    at file:///C:/Dev/OmnySystem/node_modules/@vitest/runner/dist/index.js:915:26\n    at file:///C:/Dev/OmnySystem/node_modules/@vitest/runner/dist/index.js:1243:20\n    at new Promise (<anonymous>)\n    at runWithTimeout (file:///C:/Dev/OmnySystem/node_modules/@vitest/runner/dist/index.js:1209:10)\n    at file:///C:/Dev/OmnySystem/node_modules/@vitest/runner/dist/index.js:1653:37\n    at Traces.$ (file:///C:/Dev/OmnySystem/node_modules/vitest/dist/chunks/traces.CCmnQaNT.js:142:27)\n    at trace (file:///C:/Dev/OmnySystem/node_modules/vitest/dist/chunks/test.B8ej_ZHS.js:239:21)\n    at runTest (file:///C:/Dev/OmnySystem/node_modules/@vitest/runner/dist/index.js:1653:12)"],"meta":{}},{"ancestorTitles":["extractImplicitReturn"],"fullName":"extractImplicitReturn should handle call expression in implicit return","status":"passed","title":"should handle call expression in implicit return","duration":0.405399999999986,"failureMessages":[],"meta":{}},{"ancestorTitles":["createUndefinedReturn"],"fullName":"createUndefinedReturn should create undefined return output","status":"passed","title":"should create undefined return output","duration":0.4016000000000304,"failureMessages":[],"meta":{}},{"ancestorTitles":["createUndefinedReturn"],"fullName":"createUndefinedReturn should create undefined return with different line numbers","status":"passed","title":"should create undefined return with different line numbers","duration":0.2620000000000573,"failureMessages":[],"meta":{}},{"ancestorTitles":["createUndefinedReturn"],"fullName":"createUndefinedReturn should create valid output structure","status":"passed","title":"should create valid output structure","duration":0.6897999999999911,"failureMessages":[],"meta":{}},{"ancestorTitles":["return extraction - complex scenarios"],"fullName":"return extraction - complex scenarios should handle nested object returns","status":"failed","title":"should handle nested object returns","duration":7.627200000000016,"failureMessages":["AssertionError: expected '{ user }' to be 'object' // Object.is equality\n    at C:/Dev/OmnySystem/tests/unit/layer-a-analysis/extractors/data-flow/visitors/output-extractor/extractors/return-extractor.test.js:218:26\n    at file:///C:/Dev/OmnySystem/node_modules/@vitest/runner/dist/index.js:145:11\n    at file:///C:/Dev/OmnySystem/node_modules/@vitest/runner/dist/index.js:915:26\n    at file:///C:/Dev/OmnySystem/node_modules/@vitest/runner/dist/index.js:1243:20\n    at new Promise (<anonymous>)\n    at runWithTimeout (file:///C:/Dev/OmnySystem/node_modules/@vitest/runner/dist/index.js:1209:10)\n    at file:///C:/Dev/OmnySystem/node_modules/@vitest/runner/dist/index.js:1653:37\n    at Traces.$ (file:///C:/Dev/OmnySystem/node_modules/vitest/dist/chunks/traces.CCmnQaNT.js:142:27)\n    at trace (file:///C:/Dev/OmnySystem/node_modules/vitest/dist/chunks/test.B8ej_ZHS.js:239:21)\n    at runTest (file:///C:/Dev/OmnySystem/node_modules/@vitest/runner/dist/index.js:1653:12)","AssertionError: expected '{ user }' to be 'object' // Object.is equality\n    at C:/Dev/OmnySystem/tests/unit/layer-a-analysis/extractors/data-flow/visitors/output-extractor/extractors/return-extractor.test.js:218:26\n    at file:///C:/Dev/OmnySystem/node_modules/@vitest/runner/dist/index.js:145:11\n    at file:///C:/Dev/OmnySystem/node_modules/@vitest/runner/dist/index.js:915:26\n    at file:///C:/Dev/OmnySystem/node_modules/@vitest/runner/dist/index.js:1243:20\n    at new Promise (<anonymous>)\n    at runWithTimeout (file:///C:/Dev/OmnySystem/node_modules/@vitest/runner/dist/index.js:1209:10)\n    at file:///C:/Dev/OmnySystem/node_modules/@vitest/runner/dist/index.js:1653:37\n    at Traces.$ (file:///C:/Dev/OmnySystem/node_modules/vitest/dist/chunks/traces.CCmnQaNT.js:142:27)\n    at trace (file:///C:/Dev/OmnySystem/node_modules/vitest/dist/chunks/test.B8ej_ZHS.js:239:21)\n    at runTest (file:///C:/Dev/OmnySystem/node_modules/@vitest/runner/dist/index.js:1653:12)"],"meta":{}},{"ancestorTitles":["return extraction - complex scenarios"],"fullName":"return extraction - complex scenarios should handle function call chain returns","status":"passed","title":"should handle function call chain returns","duration":0.32369999999991705,"failureMessages":[],"meta":{}},{"ancestorTitles":["return extraction - complex scenarios"],"fullName":"return extraction - complex scenarios should handle returns with template literals","status":"passed","title":"should handle returns with template literals","duration":0.18999999999994088,"failureMessages":[],"meta":{}}],"startTime":1771126266346,"endTime":1771126266400.3237,"status":"failed","message":"","name":"C:/Dev/OmnySystem/tests/unit/layer-a-analysis/extractors/data-flow/visitors/output-extractor/extractors/return-extractor.test.js"},{"assertionResults":[{"ancestorTitles":["processStatements"],"fullName":"processStatements should process multiple statements in sequence","status":"passed","title":"should process multiple statements in sequence","duration":4.439899999999966,"failureMessages":[],"meta":{}},{"ancestorTitles":["processStatements"],"fullName":"processStatements should handle empty statements array","status":"passed","title":"should handle empty statements array","duration":0.9595000000000482,"failureMessages":[],"meta":{}},{"ancestorTitles":["processStatement - ReturnStatement"],"fullName":"processStatement - ReturnStatement should call onReturn handler and set hasReturn flag","status":"passed","title":"should call onReturn handler and set hasReturn flag","duration":1.9095000000000368,"failureMessages":[],"meta":{}},{"ancestorTitles":["processStatement - ReturnStatement"],"fullName":"processStatement - ReturnStatement should handle return without argument","status":"passed","title":"should handle return without argument","duration":0.5561000000000149,"failureMessages":[],"meta":{}},{"ancestorTitles":["processStatement - ReturnStatement"],"fullName":"processStatement - ReturnStatement should work without onReturn handler","status":"passed","title":"should work without onReturn handler","duration":0.31569999999999254,"failureMessages":[],"meta":{}},{"ancestorTitles":["processStatement - ThrowStatement"],"fullName":"processStatement - ThrowStatement should call onThrow handler","status":"passed","title":"should call onThrow handler","duration":2.230099999999993,"failureMessages":[],"meta":{}},{"ancestorTitles":["processStatement - ThrowStatement"],"fullName":"processStatement - ThrowStatement should work without onThrow handler","status":"passed","title":"should work without onThrow handler","duration":0.5703000000000316,"failureMessages":[],"meta":{}},{"ancestorTitles":["processStatement - ExpressionStatement"],"fullName":"processStatement - ExpressionStatement should call onSideEffect handler for expression statements","status":"passed","title":"should call onSideEffect handler for expression statements","duration":0.8919999999999959,"failureMessages":[],"meta":{}},{"ancestorTitles":["processStatement - ExpressionStatement"],"fullName":"processStatement - ExpressionStatement should track hasSideEffect flag","status":"passed","title":"should track hasSideEffect flag","duration":0.5955999999999904,"failureMessages":[],"meta":{}},{"ancestorTitles":["processStatement - IfStatement"],"fullName":"processStatement - IfStatement should process both consequent and alternate","status":"passed","title":"should process both consequent and alternate","duration":0.7592999999999961,"failureMessages":[],"meta":{}},{"ancestorTitles":["processStatement - IfStatement"],"fullName":"processStatement - IfStatement should handle if without else","status":"passed","title":"should handle if without else","duration":0.330600000000004,"failureMessages":[],"meta":{}},{"ancestorTitles":["processStatement - TryStatement"],"fullName":"processStatement - TryStatement should process try, catch, and finally blocks","status":"passed","title":"should process try, catch, and finally blocks","duration":0.7373000000000047,"failureMessages":[],"meta":{}},{"ancestorTitles":["processStatement - TryStatement"],"fullName":"processStatement - TryStatement should handle try without finally","status":"passed","title":"should handle try without finally","duration":0.37429999999994834,"failureMessages":[],"meta":{}},{"ancestorTitles":["processStatement - TryStatement"],"fullName":"processStatement - TryStatement should handle try without catch","status":"passed","title":"should handle try without catch","duration":1.0550999999999817,"failureMessages":[],"meta":{}},{"ancestorTitles":["processStatement - SwitchStatement"],"fullName":"processStatement - SwitchStatement should process all cases","status":"passed","title":"should process all cases","duration":0.7043999999999642,"failureMessages":[],"meta":{}},{"ancestorTitles":["processStatement - SwitchStatement"],"fullName":"processStatement - SwitchStatement should handle default case","status":"passed","title":"should handle default case","duration":0.3112000000000421,"failureMessages":[],"meta":{}},{"ancestorTitles":["processStatement - BlockStatement"],"fullName":"processStatement - BlockStatement should process all statements in block","status":"passed","title":"should process all statements in block","duration":0.22620000000000573,"failureMessages":[],"meta":{}},{"ancestorTitles":["processStatement - Loops"],"fullName":"processStatement - Loops should process ForStatement body","status":"passed","title":"should process ForStatement body","duration":0.19920000000001892,"failureMessages":[],"meta":{}},{"ancestorTitles":["processStatement - Loops"],"fullName":"processStatement - Loops should process ForOfStatement body","status":"passed","title":"should process ForOfStatement body","duration":0.10590000000001965,"failureMessages":[],"meta":{}},{"ancestorTitles":["processStatement - Loops"],"fullName":"processStatement - Loops should process ForInStatement body","status":"passed","title":"should process ForInStatement body","duration":0.10230000000001382,"failureMessages":[],"meta":{}},{"ancestorTitles":["processStatement - Loops"],"fullName":"processStatement - Loops should process WhileStatement body","status":"passed","title":"should process WhileStatement body","duration":0.09399999999999409,"failureMessages":[],"meta":{}},{"ancestorTitles":["processStatement - Loops"],"fullName":"processStatement - Loops should process DoWhileStatement body","status":"passed","title":"should process DoWhileStatement body","duration":0.09039999999998827,"failureMessages":[],"meta":{}},{"ancestorTitles":["processStatement - edge cases"],"fullName":"processStatement - edge cases should handle null statement","status":"passed","title":"should handle null statement","duration":0.2605000000000359,"failureMessages":[],"meta":{}},{"ancestorTitles":["processStatement - edge cases"],"fullName":"processStatement - edge cases should handle unknown statement type gracefully","status":"passed","title":"should handle unknown statement type gracefully","duration":0.2736000000000445,"failureMessages":[],"meta":{}}],"startTime":1771126267528,"endTime":1771126267547.2737,"status":"passed","message":"","name":"C:/Dev/OmnySystem/tests/unit/layer-a-analysis/extractors/data-flow/visitors/output-extractor/processors/statement-processor.test.js"}]}