{"numTotalTestSuites":102,"numPassedTestSuites":98,"numFailedTestSuites":4,"numPendingTestSuites":0,"numTotalTests":244,"numPassedTests":241,"numFailedTests":3,"numPendingTests":0,"numTodoTests":0,"snapshot":{"added":0,"failure":false,"filesAdded":0,"filesRemoved":0,"filesRemovedList":[],"filesUnmatched":0,"filesUpdated":0,"matched":0,"total":0,"unchecked":0,"uncheckedKeysByFile":[],"unmatched":0,"updated":0,"didUpdate":false},"startTime":1773818616442,"success":false,"testResults":[{"assertionResults":[{"ancestorTitles":["Layer A - Parser","parseFile() - Basic parsing"],"fullName":"Layer A - Parser parseFile() - Basic parsing should parse an empty file","status":"passed","title":"should parse an empty file","duration":10.797699999999963,"failureMessages":[],"meta":{}},{"ancestorTitles":["Layer A - Parser","parseFile() - Basic parsing"],"fullName":"Layer A - Parser parseFile() - Basic parsing should parse ESM imports","status":"passed","title":"should parse ESM imports","duration":2.997500000000059,"failureMessages":[],"meta":{}},{"ancestorTitles":["Layer A - Parser","parseFile() - Basic parsing"],"fullName":"Layer A - Parser parseFile() - Basic parsing should parse CommonJS requires","status":"passed","title":"should parse CommonJS requires","duration":3.36749999999995,"failureMessages":[],"meta":{}},{"ancestorTitles":["Layer A - Parser","parseFile() - Basic parsing"],"fullName":"Layer A - Parser parseFile() - Basic parsing should parse named exports","status":"passed","title":"should parse named exports","duration":3.5341999999999416,"failureMessages":[],"meta":{}},{"ancestorTitles":["Layer A - Parser","parseFile() - Basic parsing"],"fullName":"Layer A - Parser parseFile() - Basic parsing should parse default export","status":"failed","title":"should parse default export","duration":8.999500000000012,"failureMessages":["AssertionError: expected undefined to be 'FunctionDeclaration' // Object.is equality\n    at C:/Dev/OmnySystem/tests/unit/layer-a-core/parser/parser.test.js:88:34\n    at processTicksAndRejections (node:internal/process/task_queues:105:5)\n    at file:///C:/Dev/OmnySystem/node_modules/@vitest/runner/dist/index.js:915:20","AssertionError: expected undefined to be 'FunctionDeclaration' // Object.is equality\n    at C:/Dev/OmnySystem/tests/unit/layer-a-core/parser/parser.test.js:88:34\n    at processTicksAndRejections (node:internal/process/task_queues:105:5)\n    at file:///C:/Dev/OmnySystem/node_modules/@vitest/runner/dist/index.js:915:20"],"meta":{}},{"ancestorTitles":["Layer A - Parser","parseFile() - Basic parsing"],"fullName":"Layer A - Parser parseFile() - Basic parsing should parse function declarations","status":"passed","title":"should parse function declarations","duration":1.370999999999981,"failureMessages":[],"meta":{}},{"ancestorTitles":["Layer A - Parser","parseFile() - Basic parsing"],"fullName":"Layer A - Parser parseFile() - Basic parsing should parse arrow functions","status":"passed","title":"should parse arrow functions","duration":1.2824999999999136,"failureMessages":[],"meta":{}},{"ancestorTitles":["Layer A - Parser","parseFile() - Basic parsing"],"fullName":"Layer A - Parser parseFile() - Basic parsing should parse class declarations","status":"passed","title":"should parse class declarations","duration":1.956199999999967,"failureMessages":[],"meta":{}},{"ancestorTitles":["Layer A - Parser","parseFile() - Basic parsing"],"fullName":"Layer A - Parser parseFile() - Basic parsing should extract function calls","status":"failed","title":"should extract function calls","duration":6.576199999999972,"failureMessages":["AssertionError: expected [ 'helper' ] to include 'console.log'\n    at Proxy.<anonymous> (file:///C:/Dev/OmnySystem/node_modules/@vitest/expect/dist/index.js:1252:15)\n    at Proxy.<anonymous> (file:///C:/Dev/OmnySystem/node_modules/@vitest/expect/dist/index.js:1090:14)\n    at Proxy.methodWrapper (file:///C:/Dev/OmnySystem/node_modules/chai/index.js:1700:25)\n    at C:/Dev/OmnySystem/tests/unit/layer-a-core/parser/parser.test.js:154:25\n    at processTicksAndRejections (node:internal/process/task_queues:105:5)\n    at file:///C:/Dev/OmnySystem/node_modules/@vitest/runner/dist/index.js:915:20","AssertionError: expected [ 'helper' ] to include 'console.log'\n    at Proxy.<anonymous> (file:///C:/Dev/OmnySystem/node_modules/@vitest/expect/dist/index.js:1252:15)\n    at Proxy.<anonymous> (file:///C:/Dev/OmnySystem/node_modules/@vitest/expect/dist/index.js:1090:14)\n    at Proxy.methodWrapper (file:///C:/Dev/OmnySystem/node_modules/chai/index.js:1700:25)\n    at C:/Dev/OmnySystem/tests/unit/layer-a-core/parser/parser.test.js:154:25\n    at processTicksAndRejections (node:internal/process/task_queues:105:5)\n    at file:///C:/Dev/OmnySystem/node_modules/@vitest/runner/dist/index.js:915:20"],"meta":{}},{"ancestorTitles":["Layer A - Parser","parseFile() - Basic parsing"],"fullName":"Layer A - Parser parseFile() - Basic parsing should handle parse errors gracefully","status":"failed","title":"should handle parse errors gracefully","duration":1.711500000000001,"failureMessages":["AssertionError: expected undefined to be defined\n    at C:/Dev/OmnySystem/tests/unit/layer-a-core/parser/parser.test.js:166:50\n    at processTicksAndRejections (node:internal/process/task_queues:105:5)\n    at file:///C:/Dev/OmnySystem/node_modules/@vitest/runner/dist/index.js:915:20","AssertionError: expected undefined to be defined\n    at C:/Dev/OmnySystem/tests/unit/layer-a-core/parser/parser.test.js:166:50\n    at processTicksAndRejections (node:internal/process/task_queues:105:5)\n    at file:///C:/Dev/OmnySystem/node_modules/@vitest/runner/dist/index.js:915:20"],"meta":{}},{"ancestorTitles":["Layer A - Parser","parseFileFromDisk() - File system"],"fullName":"Layer A - Parser parseFileFromDisk() - File system should parse an existing file","status":"passed","title":"should parse an existing file","duration":14.93259999999998,"failureMessages":[],"meta":{}},{"ancestorTitles":["Layer A - Parser","parseFileFromDisk() - File system"],"fullName":"Layer A - Parser parseFileFromDisk() - File system should handle non-existent files","status":"passed","title":"should handle non-existent files","duration":0.5852999999999611,"failureMessages":[],"meta":{}},{"ancestorTitles":["Layer A - Parser","TypeScript support"],"fullName":"Layer A - Parser TypeScript support should parse TypeScript interfaces","status":"passed","title":"should parse TypeScript interfaces","duration":8.18999999999994,"failureMessages":[],"meta":{}},{"ancestorTitles":["Layer A - Parser","TypeScript support"],"fullName":"Layer A - Parser TypeScript support should parse TypeScript type aliases","status":"passed","title":"should parse TypeScript type aliases","duration":1.3625000000000682,"failureMessages":[],"meta":{}},{"ancestorTitles":["Layer A - Parser","Dynamic imports"],"fullName":"Layer A - Parser Dynamic imports should detect dynamic imports","status":"passed","title":"should detect dynamic imports","duration":0.7657999999998992,"failureMessages":[],"meta":{}}],"startTime":1773818617253,"endTime":1773818617321.7659,"status":"failed","message":"","name":"C:/Dev/OmnySystem/tests/unit/layer-a-core/parser/parser.test.js"},{"assertionResults":[{"ancestorTitles":["Layer A - Scanner","scanProject() - Basic scanning"],"fullName":"Layer A - Scanner scanProject() - Basic scanning should find all JS/TS files","status":"passed","title":"should find all JS/TS files","duration":21.54939999999999,"failureMessages":[],"meta":{}},{"ancestorTitles":["Layer A - Scanner","scanProject() - Basic scanning"],"fullName":"Layer A - Scanner scanProject() - Basic scanning should ignore node_modules","status":"passed","title":"should ignore node_modules","duration":4.490099999999984,"failureMessages":[],"meta":{}},{"ancestorTitles":["Layer A - Scanner","scanProject() - Basic scanning"],"fullName":"Layer A - Scanner scanProject() - Basic scanning should ignore non-JS files","status":"passed","title":"should ignore non-JS files","duration":4.470400000000041,"failureMessages":[],"meta":{}},{"ancestorTitles":["Layer A - Scanner","scanProject() - Basic scanning"],"fullName":"Layer A - Scanner scanProject() - Basic scanning should respect .averignore patterns","status":"passed","title":"should respect .averignore patterns","duration":4.09069999999997,"failureMessages":[],"meta":{}},{"ancestorTitles":["Layer A - Scanner","scanProject() - Basic scanning"],"fullName":"Layer A - Scanner scanProject() - Basic scanning should return relative paths by default","status":"passed","title":"should return relative paths by default","duration":6.023500000000013,"failureMessages":[],"meta":{}},{"ancestorTitles":["Layer A - Scanner","scanProject() - Basic scanning"],"fullName":"Layer A - Scanner scanProject() - Basic scanning should return absolute paths when requested","status":"passed","title":"should return absolute paths when requested","duration":3.6381999999999834,"failureMessages":[],"meta":{}},{"ancestorTitles":["Layer A - Scanner","scanProject() - Options"],"fullName":"Layer A - Scanner scanProject() - Options should include additional patterns when specified","status":"passed","title":"should include additional patterns when specified","duration":7.838300000000004,"failureMessages":[],"meta":{}},{"ancestorTitles":["Layer A - Scanner","scanProject() - Options"],"fullName":"Layer A - Scanner scanProject() - Options should exclude additional patterns when specified","status":"passed","title":"should exclude additional patterns when specified","duration":4.3659999999999854,"failureMessages":[],"meta":{}},{"ancestorTitles":["Layer A - Scanner","scanProject() - Edge cases"],"fullName":"Layer A - Scanner scanProject() - Edge cases should handle empty directories","status":"passed","title":"should handle empty directories","duration":7.268199999999979,"failureMessages":[],"meta":{}},{"ancestorTitles":["Layer A - Scanner","scanProject() - Edge cases"],"fullName":"Layer A - Scanner scanProject() - Edge cases should handle directories with no JS files","status":"passed","title":"should handle directories with no JS files","duration":4.6269000000000915,"failureMessages":[],"meta":{}}],"startTime":1773818617157,"endTime":1773818617226.627,"status":"passed","message":"","name":"C:/Dev/OmnySystem/tests/unit/layer-a-core/scanner/scanner.test.js"},{"assertionResults":[{"ancestorTitles":["Layer A - Graph","createEmptySystemMap() - Initialization"],"fullName":"Layer A - Graph createEmptySystemMap() - Initialization should create empty system map with correct structure","status":"passed","title":"should create empty system map with correct structure","duration":1.837400000000116,"failureMessages":[],"meta":{}},{"ancestorTitles":["Layer A - Graph","createFileNode() - Node creation"],"fullName":"Layer A - Graph createFileNode() - Node creation should create file node with correct structure","status":"passed","title":"should create file node with correct structure","duration":0.6364000000000942,"failureMessages":[],"meta":{}},{"ancestorTitles":["Layer A - Graph","buildSystemMap() - Graph construction"],"fullName":"Layer A - Graph buildSystemMap() - Graph construction should build graph from parsed files object","status":"passed","title":"should build graph from parsed files object","duration":1.8870999999999185,"failureMessages":[],"meta":{}},{"ancestorTitles":["Layer A - Graph","buildSystemMap() - Graph construction"],"fullName":"Layer A - Graph buildSystemMap() - Graph construction should create export index","status":"passed","title":"should create export index","duration":0.4352999999998701,"failureMessages":[],"meta":{}},{"ancestorTitles":["Layer A - Graph","buildSystemMap() - Graph construction"],"fullName":"Layer A - Graph buildSystemMap() - Graph construction should create dependency links between files","status":"passed","title":"should create dependency links between files","duration":0.7476999999998952,"failureMessages":[],"meta":{}},{"ancestorTitles":["Layer A - Graph","getImpactMap() - Impact analysis"],"fullName":"Layer A - Graph getImpactMap() - Impact analysis should calculate impact correctly","status":"passed","title":"should calculate impact correctly","duration":0.41869999999994434,"failureMessages":[],"meta":{}},{"ancestorTitles":["Layer A - Graph","getImpactMap() - Impact analysis"],"fullName":"Layer A - Graph getImpactMap() - Impact analysis should calculate transitive impact","status":"passed","title":"should calculate transitive impact","duration":0.24330000000009022,"failureMessages":[],"meta":{}},{"ancestorTitles":["Layer A - Graph","detectCycles() - Cycle detection"],"fullName":"Layer A - Graph detectCycles() - Cycle detection should detect simple cycle","status":"passed","title":"should detect simple cycle","duration":0.1533999999999196,"failureMessages":[],"meta":{}},{"ancestorTitles":["Layer A - Graph","detectCycles() - Cycle detection"],"fullName":"Layer A - Graph detectCycles() - Cycle detection should return empty array when no cycles","status":"passed","title":"should return empty array when no cycles","duration":0.29949999999985266,"failureMessages":[],"meta":{}},{"ancestorTitles":["Layer A - Graph","detectCycles() - Cycle detection"],"fullName":"Layer A - Graph detectCycles() - Cycle detection should detect complex cycle chain","status":"passed","title":"should detect complex cycle chain","duration":0.1634999999998854,"failureMessages":[],"meta":{}},{"ancestorTitles":["Layer A - Graph","calculateTransitiveDependencies()"],"fullName":"Layer A - Graph calculateTransitiveDependencies() should calculate all dependencies transitively","status":"passed","title":"should calculate all dependencies transitively","duration":0.3388999999999669,"failureMessages":[],"meta":{}},{"ancestorTitles":["Layer A - Graph","calculateTransitiveDependencies()"],"fullName":"Layer A - Graph calculateTransitiveDependencies() should return empty set for file with no dependencies","status":"passed","title":"should return empty set for file with no dependencies","duration":0.09979999999995925,"failureMessages":[],"meta":{}},{"ancestorTitles":["Layer A - Graph","calculateTransitiveDependents()"],"fullName":"Layer A - Graph calculateTransitiveDependents() should calculate all dependents transitively","status":"passed","title":"should calculate all dependents transitively","duration":0.23700000000008004,"failureMessages":[],"meta":{}}],"startTime":1773818618278,"endTime":1773818618286.237,"status":"passed","message":"","name":"C:/Dev/OmnySystem/tests/unit/layer-a-core/graph/graph.test.js"},{"assertionResults":[{"ancestorTitles":["extractDataFlow — shebang support"],"fullName":"extractDataFlow — shebang support parsea archivos con shebang sin error","status":"passed","title":"parsea archivos con shebang sin error","duration":10.873799999999846,"failureMessages":[],"meta":{}},{"ancestorTitles":["extractDataFlow — pipeline operator NO soportado"],"fullName":"extractDataFlow — pipeline operator NO soportado retorna error para código con pipeline operator","status":"passed","title":"retorna error para código con pipeline operator","duration":0.8695000000000164,"failureMessages":[],"meta":{}},{"ancestorTitles":["extractDataFlow — sintaxis previamente soportadas (no regresión)"],"fullName":"extractDataFlow — sintaxis previamente soportadas (no regresión) parsea TypeScript básico","status":"passed","title":"parsea TypeScript básico","duration":1.2537999999999556,"failureMessages":[],"meta":{}},{"ancestorTitles":["extractDataFlow — sintaxis previamente soportadas (no regresión)"],"fullName":"extractDataFlow — sintaxis previamente soportadas (no regresión) parsea optional chaining (?.)","status":"passed","title":"parsea optional chaining (?.)","duration":0.5039000000001579,"failureMessages":[],"meta":{}},{"ancestorTitles":["extractDataFlow — sintaxis previamente soportadas (no regresión)"],"fullName":"extractDataFlow — sintaxis previamente soportadas (no regresión) parsea nullish coalescing (??)","status":"passed","title":"parsea nullish coalescing (??)","duration":0.3672999999998865,"failureMessages":[],"meta":{}},{"ancestorTitles":["extractDataFlow — sintaxis previamente soportadas (no regresión)"],"fullName":"extractDataFlow — sintaxis previamente soportadas (no regresión) parsea dynamic imports","status":"passed","title":"parsea dynamic imports","duration":0.7980999999999767,"failureMessages":[],"meta":{}},{"ancestorTitles":["extractDataFlow — sintaxis previamente soportadas (no regresión)"],"fullName":"extractDataFlow — sintaxis previamente soportadas (no regresión) parsea JSX","status":"passed","title":"parsea JSX","duration":0.38540000000011787,"failureMessages":[],"meta":{}},{"ancestorTitles":["extractDataFlow — sintaxis previamente soportadas (no regresión)"],"fullName":"extractDataFlow — sintaxis previamente soportadas (no regresión) parsea top-level await","status":"passed","title":"parsea top-level await","duration":0.4153999999998632,"failureMessages":[],"meta":{}},{"ancestorTitles":["extractDataFlow — sintaxis previamente soportadas (no regresión)"],"fullName":"extractDataFlow — sintaxis previamente soportadas (no regresión) parsea class properties","status":"passed","title":"parsea class properties","duration":0.5010999999999513,"failureMessages":[],"meta":{}},{"ancestorTitles":["extractDataFlow — sintaxis previamente soportadas (no regresión)"],"fullName":"extractDataFlow — sintaxis previamente soportadas (no regresión) parsea exports nombrados e imports ESM","status":"passed","title":"parsea exports nombrados e imports ESM","duration":0.6286000000000058,"failureMessages":[],"meta":{}},{"ancestorTitles":["extractDataFlow — graceful degradation"],"fullName":"extractDataFlow — graceful degradation retorna { error } en lugar de lanzar cuando el código es inválido","status":"passed","title":"retorna { error } en lugar de lanzar cuando el código es inválido","duration":0.5257999999998901,"failureMessages":[],"meta":{}},{"ancestorTitles":["extractDataFlow — graceful degradation"],"fullName":"extractDataFlow — graceful degradation retorna { error } para código vacío malformado","status":"passed","title":"retorna { error } para código vacío malformado","duration":0.26640000000020336,"failureMessages":[],"meta":{}},{"ancestorTitles":["extractDataFlow — graceful degradation"],"fullName":"extractDataFlow — graceful degradation no lanza excepción para código vacío","status":"passed","title":"no lanza excepción para código vacío","duration":0.8704999999999927,"failureMessages":[],"meta":{}},{"ancestorTitles":["extractDataFlow — graceful degradation"],"fullName":"extractDataFlow — graceful degradation no lanza excepción con undefined como código","status":"passed","title":"no lanza excepción con undefined como código","duration":0.17850000000021282,"failureMessages":[],"meta":{}},{"ancestorTitles":["extractDataFlow — estructura del resultado"],"fullName":"extractDataFlow — estructura del resultado resultado tiene las propiedades esperadas","status":"passed","title":"resultado tiene las propiedades esperadas","duration":1.7952000000000226,"failureMessages":[],"meta":{}},{"ancestorTitles":["extractDataFlow — estructura del resultado"],"fullName":"extractDataFlow — estructura del resultado _meta tiene extractedAt y version","status":"passed","title":"_meta tiene extractedAt y version","duration":0.8244999999999436,"failureMessages":[],"meta":{}},{"ancestorTitles":["extractDataFlow — estructura del resultado"],"fullName":"extractDataFlow — estructura del resultado análisis sin opciones retorna invariants y inferredTypes vacíos","status":"passed","title":"análisis sin opciones retorna invariants y inferredTypes vacíos","duration":1.5218999999999596,"failureMessages":[],"meta":{}}],"startTime":1773818617633,"endTime":1773818617656.522,"status":"passed","message":"","name":"C:/Dev/OmnySystem/tests/unit/layer-a-static/extractors/data-flow-parser-plugins.test.js"},{"assertionResults":[],"startTime":1773818616442,"endTime":1773818616442,"status":"failed","message":"Cannot find module '#layer-a/parser/config.js' imported from 'C:/Dev/OmnySystem/tests/unit/layer-a-static/parser/parser-config.test.js'","name":"C:/Dev/OmnySystem/tests/unit/layer-a-static/parser/parser-config.test.js"},{"assertionResults":[{"ancestorTitles":["ATOM_PURPOSES catalog"],"fullName":"ATOM_PURPOSES catalog contains all expected purpose keys","status":"passed","title":"contains all expected purpose keys","duration":2.859800000000007,"failureMessages":[],"meta":{}},{"ancestorTitles":["ATOM_PURPOSES catalog"],"fullName":"ATOM_PURPOSES catalog DEAD_CODE is the only purpose with isDead: true","status":"passed","title":"DEAD_CODE is the only purpose with isDead: true","duration":1.1446000000000254,"failureMessages":[],"meta":{}},{"ancestorTitles":["ATOM_PURPOSES catalog"],"fullName":"ATOM_PURPOSES catalog PRIVATE_HELPER has isDead: false","status":"passed","title":"PRIVATE_HELPER has isDead: false","duration":0.36149999999997817,"failureMessages":[],"meta":{}},{"ancestorTitles":["detectAtomPurpose — exported functions"],"fullName":"detectAtomPurpose — exported functions returns API_EXPORT for exported atoms","status":"passed","title":"returns API_EXPORT for exported atoms","duration":0.8569999999999709,"failureMessages":[],"meta":{}},{"ancestorTitles":["detectAtomPurpose — test file paths"],"fullName":"detectAtomPurpose — test file paths returns TEST_HELPER for src/foo.test.js","status":"passed","title":"returns TEST_HELPER for src/foo.test.js","duration":0.3048000000000002,"failureMessages":[],"meta":{}},{"ancestorTitles":["detectAtomPurpose — test file paths"],"fullName":"detectAtomPurpose — test file paths returns TEST_HELPER for src/foo.spec.js","status":"passed","title":"returns TEST_HELPER for src/foo.spec.js","duration":0.19810000000001082,"failureMessages":[],"meta":{}},{"ancestorTitles":["detectAtomPurpose — test file paths"],"fullName":"detectAtomPurpose — test file paths returns TEST_HELPER for tests/unit/foo.js","status":"passed","title":"returns TEST_HELPER for tests/unit/foo.js","duration":0.29829999999998336,"failureMessages":[],"meta":{}},{"ancestorTitles":["detectAtomPurpose — test file paths"],"fullName":"detectAtomPurpose — test file paths returns TEST_HELPER for src/__tests__/foo.js","status":"passed","title":"returns TEST_HELPER for src/__tests__/foo.js","duration":0.2541999999999689,"failureMessages":[],"meta":{}},{"ancestorTitles":["detectAtomPurpose — test file paths"],"fullName":"detectAtomPurpose — test file paths returns TEST_HELPER for test-cases/foo.js","status":"passed","title":"returns TEST_HELPER for test-cases/foo.js","duration":0.5015999999999963,"failureMessages":[],"meta":{}},{"ancestorTitles":["detectAtomPurpose — script files"],"fullName":"detectAtomPurpose — script files returns ANALYSIS_SCRIPT for audit script","status":"passed","title":"returns ANALYSIS_SCRIPT for audit script","duration":0.4319999999999595,"failureMessages":[],"meta":{}},{"ancestorTitles":["detectAtomPurpose — script files"],"fullName":"detectAtomPurpose — script files returns SCRIPT_MAIN for non-audit script","status":"passed","title":"returns SCRIPT_MAIN for non-audit script","duration":0.21809999999999263,"failureMessages":[],"meta":{}},{"ancestorTitles":["detectAtomPurpose — script files"],"fullName":"detectAtomPurpose — script files detects analysis by function name even in generic script","status":"passed","title":"detects analysis by function name even in generic script","duration":0.14999999999997726,"failureMessages":[],"meta":{}},{"ancestorTitles":["detectAtomPurpose — config files"],"fullName":"detectAtomPurpose — config files returns CONFIG_SETUP for /config/ path","status":"passed","title":"returns CONFIG_SETUP for /config/ path","duration":0.1987999999999488,"failureMessages":[],"meta":{}},{"ancestorTitles":["detectAtomPurpose — class methods"],"fullName":"detectAtomPurpose — class methods returns CLASS_METHOD for method functionType","status":"passed","title":"returns CLASS_METHOD for method functionType","duration":0.2501999999999498,"failureMessages":[],"meta":{}},{"ancestorTitles":["detectAtomPurpose — class methods"],"fullName":"detectAtomPurpose — class methods returns CLASS_METHOD when className is set","status":"passed","title":"returns CLASS_METHOD when className is set","duration":0.1642999999999688,"failureMessages":[],"meta":{}},{"ancestorTitles":["detectAtomPurpose — lifecycle/events"],"fullName":"detectAtomPurpose — lifecycle/events returns EVENT_HANDLER when lifecycleHooks present","status":"passed","title":"returns EVENT_HANDLER when lifecycleHooks present","duration":0.302599999999984,"failureMessages":[],"meta":{}},{"ancestorTitles":["detectAtomPurpose — lifecycle/events"],"fullName":"detectAtomPurpose — lifecycle/events returns EVENT_HANDLER when temporal events present","status":"passed","title":"returns EVENT_HANDLER when temporal events present","duration":0.19510000000002492,"failureMessages":[],"meta":{}},{"ancestorTitles":["detectAtomPurpose — timers and async"],"fullName":"detectAtomPurpose — timers and async returns TIMER_ASYNC when temporal timers present","status":"passed","title":"returns TIMER_ASYNC when temporal timers present","duration":0.2696000000000254,"failureMessages":[],"meta":{}},{"ancestorTitles":["detectAtomPurpose — timers and async"],"fullName":"detectAtomPurpose — timers and async returns TIMER_ASYNC when async + hasSideEffects","status":"passed","title":"returns TIMER_ASYNC when async + hasSideEffects","duration":0.17029999999999745,"failureMessages":[],"meta":{}},{"ancestorTitles":["detectAtomPurpose — timers and async"],"fullName":"detectAtomPurpose — timers and async does NOT return TIMER_ASYNC for async without side effects","status":"passed","title":"does NOT return TIMER_ASYNC for async without side effects","duration":0.613900000000001,"failureMessages":[],"meta":{}},{"ancestorTitles":["detectAtomPurpose — network calls"],"fullName":"detectAtomPurpose — network calls returns NETWORK_HANDLER when hasNetworkCalls","status":"passed","title":"returns NETWORK_HANDLER when hasNetworkCalls","duration":0.2968000000000188,"failureMessages":[],"meta":{}},{"ancestorTitles":["detectAtomPurpose — network calls"],"fullName":"detectAtomPurpose — network calls returns NETWORK_HANDLER when networkEndpoints present","status":"passed","title":"returns NETWORK_HANDLER when networkEndpoints present","duration":0.19139999999998736,"failureMessages":[],"meta":{}},{"ancestorTitles":["detectAtomPurpose — DOM manipulation"],"fullName":"detectAtomPurpose — DOM manipulation returns EVENT_HANDLER when hasDomManipulation","status":"passed","title":"returns EVENT_HANDLER when hasDomManipulation","duration":0.2186999999999557,"failureMessages":[],"meta":{}},{"ancestorTitles":["detectAtomPurpose — archetype clues"],"fullName":"detectAtomPurpose — archetype clues returns API_EXPORT for hot-path archetype","status":"passed","title":"returns API_EXPORT for hot-path archetype","duration":0.16859999999996944,"failureMessages":[],"meta":{}},{"ancestorTitles":["detectAtomPurpose — archetype clues"],"fullName":"detectAtomPurpose — archetype clues returns INTERNAL_HELPER for validator archetype","status":"passed","title":"returns INTERNAL_HELPER for validator archetype","duration":0.1561999999999557,"failureMessages":[],"meta":{}},{"ancestorTitles":["detectAtomPurpose — archetype clues"],"fullName":"detectAtomPurpose — archetype clues returns INTERNAL_HELPER for transformer archetype","status":"passed","title":"returns INTERNAL_HELPER for transformer archetype","duration":0.157100000000014,"failureMessages":[],"meta":{}},{"ancestorTitles":["detectAtomPurpose — archetype clues"],"fullName":"detectAtomPurpose — archetype clues returns CLASS_METHOD for class-method archetype","status":"passed","title":"returns CLASS_METHOD for class-method archetype","duration":0.171100000000024,"failureMessages":[],"meta":{}},{"ancestorTitles":["detectAtomPurpose — calledBy fallback"],"fullName":"detectAtomPurpose — calledBy fallback returns INTERNAL_HELPER when calledBy has entries","status":"passed","title":"returns INTERNAL_HELPER when calledBy has entries","duration":0.20580000000001064,"failureMessages":[],"meta":{}},{"ancestorTitles":["detectAtomPurpose — dead code default"],"fullName":"detectAtomPurpose — dead code default returns DEAD_CODE when no evidence of use","status":"passed","title":"returns DEAD_CODE when no evidence of use","duration":0.2266999999999939,"failureMessages":[],"meta":{}},{"ancestorTitles":["recalculatePurposes"],"fullName":"recalculatePurposes upgrades DEAD_CODE atoms with calledBy to PRIVATE_HELPER","status":"passed","title":"upgrades DEAD_CODE atoms with calledBy to PRIVATE_HELPER","duration":0.46549999999996317,"failureMessages":[],"meta":{}},{"ancestorTitles":["recalculatePurposes"],"fullName":"recalculatePurposes leaves DEAD_CODE atoms without calledBy unchanged","status":"passed","title":"leaves DEAD_CODE atoms without calledBy unchanged","duration":0.2647000000000048,"failureMessages":[],"meta":{}},{"ancestorTitles":["recalculatePurposes"],"fullName":"recalculatePurposes does not touch atoms already classified as non-DEAD_CODE","status":"passed","title":"does not touch atoms already classified as non-DEAD_CODE","duration":0.1793999999999869,"failureMessages":[],"meta":{}},{"ancestorTitles":["recalculatePurposes"],"fullName":"recalculatePurposes handles mixed array of dead and live atoms","status":"passed","title":"handles mixed array of dead and live atoms","duration":0.24569999999999936,"failureMessages":[],"meta":{}},{"ancestorTitles":["recalculatePurposes"],"fullName":"recalculatePurposes handles empty array","status":"passed","title":"handles empty array","duration":1.0358999999999696,"failureMessages":[],"meta":{}}],"startTime":1773818617023,"endTime":1773818617039.036,"status":"passed","message":"","name":"C:/Dev/OmnySystem/tests/unit/layer-a-static/pipeline/purpose.test.js"},{"assertionResults":[{"ancestorTitles":["ContextModel","Context Stack"],"fullName":"ContextModel Context Stack inicia en TOP_LEVEL","status":"passed","title":"inicia en TOP_LEVEL","duration":2.0103999999998905,"failureMessages":[],"meta":{}},{"ancestorTitles":["ContextModel","Context Stack"],"fullName":"ContextModel Context Stack enter() agrega contexto al stack","status":"passed","title":"enter() agrega contexto al stack","duration":1.0738999999999805,"failureMessages":[],"meta":{}},{"ancestorTitles":["ContextModel","Context Stack"],"fullName":"ContextModel Context Stack exit() remueve el último contexto","status":"passed","title":"exit() remueve el último contexto","duration":0.4035999999999831,"failureMessages":[],"meta":{}},{"ancestorTitles":["ContextModel","Context Stack"],"fullName":"ContextModel Context Stack exit() en stack vacío retorna null","status":"passed","title":"exit() en stack vacío retorna null","duration":0.5360000000000582,"failureMessages":[],"meta":{}},{"ancestorTitles":["ContextModel","Context Stack"],"fullName":"ContextModel Context Stack múltiples contextos se apilan correctamente","status":"passed","title":"múltiples contextos se apilan correctamente","duration":0.3693000000000666,"failureMessages":[],"meta":{}},{"ancestorTitles":["ContextModel","Context Queries"],"fullName":"ContextModel Context Queries isIn() detecta contexto en cualquier posición del stack","status":"passed","title":"isIn() detecta contexto en cualquier posición del stack","duration":0.3813000000000102,"failureMessages":[],"meta":{}},{"ancestorTitles":["ContextModel","Context Queries"],"fullName":"ContextModel Context Queries isCurrent() solo detecta contexto en el top","status":"passed","title":"isCurrent() solo detecta contexto en el top","duration":0.33539999999993597,"failureMessages":[],"meta":{}},{"ancestorTitles":["ContextModel","Context Queries"],"fullName":"ContextModel Context Queries isInAny() detecta cualquier contexto del array","status":"passed","title":"isInAny() detecta cualquier contexto del array","duration":0.259900000000016,"failureMessages":[],"meta":{}},{"ancestorTitles":["ContextModel","Depth Tracking"],"fullName":"ContextModel Depth Tracking incrementa y decrementa profundidad","status":"passed","title":"incrementa y decrementa profundidad","duration":0.6142999999999574,"failureMessages":[],"meta":{}},{"ancestorTitles":["ContextModel","Depth Tracking"],"fullName":"ContextModel Depth Tracking no decrementa bajo 0","status":"passed","title":"no decrementa bajo 0","duration":0.20299999999997453,"failureMessages":[],"meta":{}},{"ancestorTitles":["ContextModel","Token History"],"fullName":"ContextModel Token History pushToken() agrega tokens al historial","status":"passed","title":"pushToken() agrega tokens al historial","duration":0.34120000000007167,"failureMessages":[],"meta":{}},{"ancestorTitles":["ContextModel","Token History"],"fullName":"ContextModel Token History historial tiene límite de tamaño","status":"passed","title":"historial tiene límite de tamaño","duration":0.21019999999998618,"failureMessages":[],"meta":{}},{"ancestorTitles":["ContextModel","Token History"],"fullName":"ContextModel Token History matchPattern() detecta patrones","status":"passed","title":"matchPattern() detecta patrones","duration":0.19849999999996726,"failureMessages":[],"meta":{}},{"ancestorTitles":["ContextModel","Snapshot/Restore"],"fullName":"ContextModel Snapshot/Restore snapshot() y restore() preservan estado","status":"passed","title":"snapshot() y restore() preservan estado","duration":0.18739999999991142,"failureMessages":[],"meta":{}},{"ancestorTitles":["TokenClassifier","Rule Management"],"fullName":"TokenClassifier Rule Management addRule() agrega reglas","status":"passed","title":"addRule() agrega reglas","duration":0.31159999999999854,"failureMessages":[],"meta":{}},{"ancestorTitles":["TokenClassifier","Rule Management"],"fullName":"TokenClassifier Rule Management validateRules() detecta reglas mal formadas","status":"passed","title":"validateRules() detecta reglas mal formadas","duration":0.28309999999999036,"failureMessages":[],"meta":{}},{"ancestorTitles":["TokenClassifier","RuleBuilder"],"fullName":"TokenClassifier RuleBuilder crea reglas válidas","status":"passed","title":"crea reglas válidas","duration":0.2798999999999978,"failureMessages":[],"meta":{}},{"ancestorTitles":["TokenClassifier","RuleBuilder"],"fullName":"TokenClassifier RuleBuilder lanza error si falta name","status":"passed","title":"lanza error si falta name","duration":0.9904000000000224,"failureMessages":[],"meta":{}},{"ancestorTitles":["TokenClassifier","Classification"],"fullName":"TokenClassifier Classification retorna LITERAL si no hay reglas","status":"passed","title":"retorna LITERAL si no hay reglas","duration":0.27500000000009095,"failureMessages":[],"meta":{}},{"ancestorTitles":["JavaScriptContextHandler","Rules"],"fullName":"JavaScriptContextHandler Rules tiene 4 reglas para #","status":"passed","title":"tiene 4 reglas para #","duration":0.4130000000000109,"failureMessages":[],"meta":{}},{"ancestorTitles":["JavaScriptContextHandler","Rules"],"fullName":"JavaScriptContextHandler Rules nombres de reglas son descriptivos","status":"passed","title":"nombres de reglas son descriptivos","duration":1.308999999999969,"failureMessages":[],"meta":{}},{"ancestorTitles":["JavaScriptContextHandler","Feature Detection"],"fullName":"JavaScriptContextHandler Feature Detection detecta shebang","status":"passed","title":"detecta shebang","duration":0.5060999999999467,"failureMessages":[],"meta":{}},{"ancestorTitles":["JavaScriptContextHandler","Feature Detection"],"fullName":"JavaScriptContextHandler Feature Detection detecta private fields","status":"passed","title":"detecta private fields","duration":0.34010000000000673,"failureMessages":[],"meta":{}},{"ancestorTitles":["JavaScriptContextHandler","Feature Detection"],"fullName":"JavaScriptContextHandler Feature Detection detecta pipeline operator","status":"passed","title":"detecta pipeline operator","duration":0.2177000000000362,"failureMessages":[],"meta":{}},{"ancestorTitles":["JavaScriptContextHandler","Feature Detection"],"fullName":"JavaScriptContextHandler Feature Detection detecta múltiples features","status":"passed","title":"detecta múltiples features","duration":0.6274000000000797,"failureMessages":[],"meta":{}},{"ancestorTitles":["JavaScriptContextHandler","Feature Detection"],"fullName":"JavaScriptContextHandler Feature Detection sin features problemáticas","status":"passed","title":"sin features problemáticas","duration":0.2137000000000171,"failureMessages":[],"meta":{}},{"ancestorTitles":["PreprocessorEngine","Initialization"],"fullName":"PreprocessorEngine Initialization crea componentes correctamente","status":"passed","title":"crea componentes correctamente","duration":0.5576999999999543,"failureMessages":[],"meta":{}},{"ancestorTitles":["PreprocessorEngine","Initialization"],"fullName":"PreprocessorEngine Initialization lanza error para lenguaje no soportado","status":"passed","title":"lanza error para lenguaje no soportado","duration":0.4838999999999487,"failureMessages":[],"meta":{}},{"ancestorTitles":["PreprocessorEngine","Preprocessing"],"fullName":"PreprocessorEngine Preprocessing retorna código sin cambios si no hay features","status":"passed","title":"retorna código sin cambios si no hay features","duration":0.4856999999999516,"failureMessages":[],"meta":{}},{"ancestorTitles":["PreprocessorEngine","Preprocessing"],"fullName":"PreprocessorEngine Preprocessing procesa shebang","status":"passed","title":"procesa shebang","duration":2.1919000000000324,"failureMessages":[],"meta":{}},{"ancestorTitles":["PreprocessorEngine","Preprocessing"],"fullName":"PreprocessorEngine Preprocessing mantiene pipeline operator sin cambios","status":"passed","title":"mantiene pipeline operator sin cambios","duration":0.5321999999999889,"failureMessages":[],"meta":{}},{"ancestorTitles":["PreprocessorEngine","Preprocessing"],"fullName":"PreprocessorEngine Preprocessing crea placeholders únicos para private fields","status":"passed","title":"crea placeholders únicos para private fields","duration":0.49130000000002383,"failureMessages":[],"meta":{}},{"ancestorTitles":["PreprocessorEngine","Validation"],"fullName":"PreprocessorEngine Validation validateTransformations() detecta problemas","status":"passed","title":"validateTransformations() detecta problemas","duration":0.3549000000000433,"failureMessages":[],"meta":{}},{"ancestorTitles":["PreprocessorEngine","Convenience Functions"],"fullName":"PreprocessorEngine Convenience Functions needsPreprocessing() funciona","status":"passed","title":"needsPreprocessing() funciona","duration":0.2699000000000069,"failureMessages":[],"meta":{}},{"ancestorTitles":["PreprocessorEngine","Convenience Functions"],"fullName":"PreprocessorEngine Convenience Functions getFeatures() retorna información","status":"passed","title":"getFeatures() retorna información","duration":0.36829999999997654,"failureMessages":[],"meta":{}},{"ancestorTitles":["Preprocessor Integration","Complex Scenarios"],"fullName":"Preprocessor Integration Complex Scenarios archivo con shebang + private fields + pipeline","status":"passed","title":"archivo con shebang + private fields + pipeline","duration":1.3601000000001022,"failureMessages":[],"meta":{}},{"ancestorTitles":["Preprocessor Integration","Complex Scenarios"],"fullName":"Preprocessor Integration Complex Scenarios código con solo private fields","status":"passed","title":"código con solo private fields","duration":0.8150999999999158,"failureMessages":[],"meta":{}},{"ancestorTitles":["Preprocessor Integration","Complex Scenarios"],"fullName":"Preprocessor Integration Complex Scenarios código con solo pipeline operators","status":"passed","title":"código con solo pipeline operators","duration":1.6299999999999955,"failureMessages":[],"meta":{}},{"ancestorTitles":["Preprocessor Integration","Edge Cases"],"fullName":"Preprocessor Integration Edge Cases archivo vacío","status":"passed","title":"archivo vacío","duration":0.22670000000005075,"failureMessages":[],"meta":{}},{"ancestorTitles":["Preprocessor Integration","Edge Cases"],"fullName":"Preprocessor Integration Edge Cases solo shebang","status":"passed","title":"solo shebang","duration":0.22109999999997854,"failureMessages":[],"meta":{}},{"ancestorTitles":["Preprocessor Integration","Edge Cases"],"fullName":"Preprocessor Integration Edge Cases private field sin class body no causa error","status":"passed","title":"private field sin class body no causa error","duration":0.23689999999999145,"failureMessages":[],"meta":{}},{"ancestorTitles":["TypeScriptContextHandler"],"fullName":"TypeScriptContextHandler extiende JavaScript handler","status":"passed","title":"extiende JavaScript handler","duration":0.25250000000005457,"failureMessages":[],"meta":{}},{"ancestorTitles":["TypeScriptContextHandler"],"fullName":"TypeScriptContextHandler detecta interfaces","status":"passed","title":"detecta interfaces","duration":0.5094000000000278,"failureMessages":[],"meta":{}},{"ancestorTitles":["TypeScriptContextHandler"],"fullName":"TypeScriptContextHandler detecta type aliases","status":"passed","title":"detecta type aliases","duration":0.31759999999997035,"failureMessages":[],"meta":{}},{"ancestorTitles":["TypeScriptContextHandler"],"fullName":"TypeScriptContextHandler detecta type annotations","status":"passed","title":"detecta type annotations","duration":0.1696999999999207,"failureMessages":[],"meta":{}}],"startTime":1773818617239,"endTime":1773818617265.3176,"status":"passed","message":"","name":"C:/Dev/OmnySystem/tests/unit/layer-a-static/preprocessor/preprocessor.test.js"},{"assertionResults":[{"ancestorTitles":["detectAtomArchetype"],"fullName":"detectAtomArchetype returns standard for function with no special traits (exported, no callers)","status":"passed","title":"returns standard for function with no special traits (exported, no callers)","duration":3.0949000000000524,"failureMessages":[],"meta":{}},{"ancestorTitles":["detectAtomArchetype"],"fullName":"detectAtomArchetype returns dead-function for unexported function with no callers","status":"passed","title":"returns dead-function for unexported function with no callers","duration":0.6578000000000657,"failureMessages":[],"meta":{}},{"ancestorTitles":["detectAtomArchetype"],"fullName":"detectAtomArchetype returns test-callback for isTestCallback flag (god-function check runs first but loses)","status":"passed","title":"returns test-callback for isTestCallback flag (god-function check runs first but loses)","duration":0.3126999999999498,"failureMessages":[],"meta":{}},{"ancestorTitles":["detectAtomArchetype"],"fullName":"detectAtomArchetype returns test-callback for describe( name pattern","status":"passed","title":"returns test-callback for describe( name pattern","duration":0.4520999999999731,"failureMessages":[],"meta":{}},{"ancestorTitles":["detectAtomArchetype"],"fullName":"detectAtomArchetype god-function takes precedence over test-callback when complexity > 50","status":"passed","title":"god-function takes precedence over test-callback when complexity > 50","duration":0.41879999999991924,"failureMessages":[],"meta":{}},{"ancestorTitles":["detectAtomArchetype"],"fullName":"detectAtomArchetype returns god-function for very high complexity","status":"passed","title":"returns god-function for very high complexity","duration":0.25250000000005457,"failureMessages":[],"meta":{}},{"ancestorTitles":["detectAtomArchetype"],"fullName":"detectAtomArchetype returns fragile-network for network calls without error handling","status":"passed","title":"returns fragile-network for network calls without error handling","duration":0.39229999999997744,"failureMessages":[],"meta":{}},{"ancestorTitles":["recalculateArchetypes"],"fullName":"recalculateArchetypes mutates each atom with archetype","status":"passed","title":"mutates each atom with archetype","duration":0.6467000000000098,"failureMessages":[],"meta":{}},{"ancestorTitles":["recalculateArchetypes"],"fullName":"recalculateArchetypes handles empty array","status":"passed","title":"handles empty array","duration":1.5293000000000347,"failureMessages":[],"meta":{}},{"ancestorTitles":["isTestCallback"],"fullName":"isTestCallback returns true when isTestCallback flag is set","status":"passed","title":"returns true when isTestCallback flag is set","duration":0.9232000000000653,"failureMessages":[],"meta":{}},{"ancestorTitles":["isTestCallback"],"fullName":"isTestCallback matches describe pattern","status":"passed","title":"matches describe pattern","duration":0.28320000000007894,"failureMessages":[],"meta":{}},{"ancestorTitles":["isTestCallback"],"fullName":"isTestCallback matches it pattern","status":"passed","title":"matches it pattern","duration":0.15880000000004202,"failureMessages":[],"meta":{}},{"ancestorTitles":["isTestCallback"],"fullName":"isTestCallback matches test pattern","status":"passed","title":"matches test pattern","duration":0.1428000000000793,"failureMessages":[],"meta":{}},{"ancestorTitles":["isTestCallback"],"fullName":"isTestCallback matches beforeEach pattern","status":"passed","title":"matches beforeEach pattern","duration":0.12810000000001764,"failureMessages":[],"meta":{}},{"ancestorTitles":["isTestCallback"],"fullName":"isTestCallback returns falsy for regular function name","status":"passed","title":"returns falsy for regular function name","duration":0.17169999999998709,"failureMessages":[],"meta":{}},{"ancestorTitles":["detectGodFunction"],"fullName":"detectGodFunction returns god-function when complexity > 50","status":"passed","title":"returns god-function when complexity > 50","duration":0.2636999999999716,"failureMessages":[],"meta":{}},{"ancestorTitles":["detectGodFunction"],"fullName":"detectGodFunction returns god-function when linesOfCode > 150","status":"passed","title":"returns god-function when linesOfCode > 150","duration":0.23320000000001073,"failureMessages":[],"meta":{}},{"ancestorTitles":["detectGodFunction"],"fullName":"detectGodFunction returns god-function when complexity > 20 and externalCallCount > 5","status":"passed","title":"returns god-function when complexity > 20 and externalCallCount > 5","duration":0.19229999999993197,"failureMessages":[],"meta":{}},{"ancestorTitles":["detectGodFunction"],"fullName":"detectGodFunction returns god-function when complexity > 20 and callerCount > 10","status":"passed","title":"returns god-function when complexity > 20 and callerCount > 10","duration":0.1975999999999658,"failureMessages":[],"meta":{}},{"ancestorTitles":["detectGodFunction"],"fullName":"detectGodFunction returns null for normal function","status":"passed","title":"returns null for normal function","duration":0.18620000000009895,"failureMessages":[],"meta":{}},{"ancestorTitles":["detectGodFunction"],"fullName":"detectGodFunction returns null when complexity 21 but externalCalls and callers are low","status":"passed","title":"returns null when complexity 21 but externalCalls and callers are low","duration":0.15219999999999345,"failureMessages":[],"meta":{}},{"ancestorTitles":["detectFragileNetwork"],"fullName":"detectFragileNetwork returns fragile-network when has network and no error handling","status":"passed","title":"returns fragile-network when has network and no error handling","duration":0.20060000000000855,"failureMessages":[],"meta":{}},{"ancestorTitles":["detectFragileNetwork"],"fullName":"detectFragileNetwork returns null when has network AND has error handling","status":"passed","title":"returns null when has network AND has error handling","duration":0.1412000000000262,"failureMessages":[],"meta":{}},{"ancestorTitles":["detectFragileNetwork"],"fullName":"detectFragileNetwork returns null when no network calls","status":"passed","title":"returns null when no network calls","duration":0.1491999999999507,"failureMessages":[],"meta":{}},{"ancestorTitles":["detectHotPath"],"fullName":"detectHotPath returns hot-path for exported function with many callers and low complexity","status":"passed","title":"returns hot-path for exported function with many callers and low complexity","duration":0.5253000000000156,"failureMessages":[],"meta":{}},{"ancestorTitles":["detectHotPath"],"fullName":"detectHotPath returns null when not exported","status":"passed","title":"returns null when not exported","duration":0.16189999999994598,"failureMessages":[],"meta":{}},{"ancestorTitles":["detectHotPath"],"fullName":"detectHotPath returns null when too few callers","status":"passed","title":"returns null when too few callers","duration":0.16770000000008167,"failureMessages":[],"meta":{}},{"ancestorTitles":["detectClassMethod"],"fullName":"detectClassMethod returns class-method when className is set and no callers","status":"passed","title":"returns class-method when className is set and no callers","duration":0.2259000000000242,"failureMessages":[],"meta":{}},{"ancestorTitles":["detectClassMethod"],"fullName":"detectClassMethod returns null when no className","status":"passed","title":"returns null when no className","duration":0.13760000000002037,"failureMessages":[],"meta":{}},{"ancestorTitles":["detectClassMethod"],"fullName":"detectClassMethod returns null when className set but has callers","status":"passed","title":"returns null when className set but has callers","duration":0.13900000000001,"failureMessages":[],"meta":{}},{"ancestorTitles":["detectUtility"],"fullName":"detectUtility returns null for non-utility","status":"passed","title":"returns null for non-utility","duration":0.1955999999998994,"failureMessages":[],"meta":{}}],"startTime":1773818617098,"endTime":1773818617113.1956,"status":"passed","message":"","name":"C:/Dev/OmnySystem/tests/unit/layer-a-static/extractors/metadata/archetype.test.js"},{"assertionResults":[{"ancestorTitles":["compareDNA"],"fullName":"compareDNA returns 1.0 for identical DNAs","status":"passed","title":"returns 1.0 for identical DNAs","duration":3.4040999999999713,"failureMessages":[],"meta":{}},{"ancestorTitles":["compareDNA"],"fullName":"compareDNA returns 0 if either DNA is null","status":"passed","title":"returns 0 if either DNA is null","duration":0.58299999999997,"failureMessages":[],"meta":{}},{"ancestorTitles":["compareDNA"],"fullName":"compareDNA structuralHash match contributes 40%","status":"passed","title":"structuralHash match contributes 40%","duration":0.38150000000007367,"failureMessages":[],"meta":{}},{"ancestorTitles":["compareDNA"],"fullName":"compareDNA same flowType but different patternHash gives partial pattern score (15%)","status":"passed","title":"same flowType but different patternHash gives partial pattern score (15%)","duration":0.39380000000005566,"failureMessages":[],"meta":{}},{"ancestorTitles":["compareDNA"],"fullName":"compareDNA same operationSequence contributes 20%","status":"passed","title":"same operationSequence contributes 20%","duration":0.25319999999999254,"failureMessages":[],"meta":{}},{"ancestorTitles":["compareDNA"],"fullName":"compareDNA same semanticFingerprint contributes 10%","status":"passed","title":"same semanticFingerprint contributes 10%","duration":0.2681999999999789,"failureMessages":[],"meta":{}},{"ancestorTitles":["compareDNA"],"fullName":"compareDNA completely different DNAs return low similarity","status":"passed","title":"completely different DNAs return low similarity","duration":0.3795000000000073,"failureMessages":[],"meta":{}},{"ancestorTitles":["compareDNA"],"fullName":"compareDNA returns value in [0, 1] range","status":"passed","title":"returns value in [0, 1] range","duration":0.4334999999999809,"failureMessages":[],"meta":{}},{"ancestorTitles":["validateDNA"],"fullName":"validateDNA returns valid: true for complete valid DNA","status":"passed","title":"returns valid: true for complete valid DNA","duration":1.7776999999999816,"failureMessages":[],"meta":{}},{"ancestorTitles":["validateDNA"],"fullName":"validateDNA returns error for missing id","status":"passed","title":"returns error for missing id","duration":0.9379999999999882,"failureMessages":[],"meta":{}},{"ancestorTitles":["validateDNA"],"fullName":"validateDNA returns error for missing structuralHash","status":"passed","title":"returns error for missing structuralHash","duration":0.3308999999999287,"failureMessages":[],"meta":{}},{"ancestorTitles":["validateDNA"],"fullName":"validateDNA returns error for missing patternHash","status":"passed","title":"returns error for missing patternHash","duration":0.4033000000000584,"failureMessages":[],"meta":{}},{"ancestorTitles":["validateDNA"],"fullName":"validateDNA returns error for unknown flowType","status":"passed","title":"returns error for unknown flowType","duration":0.379099999999994,"failureMessages":[],"meta":{}},{"ancestorTitles":["validateDNA"],"fullName":"validateDNA returns error when complexityScore < 1","status":"passed","title":"returns error when complexityScore < 1","duration":0.2705000000000837,"failureMessages":[],"meta":{}},{"ancestorTitles":["validateDNA"],"fullName":"validateDNA returns error when complexityScore > 10","status":"passed","title":"returns error when complexityScore > 10","duration":0.21519999999998163,"failureMessages":[],"meta":{}},{"ancestorTitles":["validateDNA"],"fullName":"validateDNA accepts boundary complexityScore values 1 and 10","status":"passed","title":"accepts boundary complexityScore values 1 and 10","duration":0.1917999999999438,"failureMessages":[],"meta":{}},{"ancestorTitles":["validateDNA"],"fullName":"validateDNA accumulates multiple errors","status":"passed","title":"accumulates multiple errors","duration":0.1936000000000604,"failureMessages":[],"meta":{}}],"startTime":1773818617187,"endTime":1773818617198.2705,"status":"passed","message":"","name":"C:/Dev/OmnySystem/tests/unit/layer-a-static/extractors/metadata/dna-extractor.test.js"},{"assertionResults":[{"ancestorTitles":["issue-detectors/global-state-builder","buildGlobalState","Empty State"],"fullName":"issue-detectors/global-state-builder buildGlobalState Empty State should return empty state for empty results","status":"passed","title":"should return empty state for empty results","duration":3.152999999999963,"failureMessages":[],"meta":{}},{"ancestorTitles":["issue-detectors/global-state-builder","buildGlobalState","Empty State"],"fullName":"issue-detectors/global-state-builder buildGlobalState Empty State should handle missing files","status":"passed","title":"should handle missing files","duration":0.36400000000003274,"failureMessages":[],"meta":{}},{"ancestorTitles":["issue-detectors/global-state-builder","buildGlobalState","Empty State"],"fullName":"issue-detectors/global-state-builder buildGlobalState Empty State should handle null files","status":"passed","title":"should handle null files","duration":0.4995000000000118,"failureMessages":[],"meta":{}},{"ancestorTitles":["issue-detectors/global-state-builder","buildGlobalState","Shared State - Reads"],"fullName":"issue-detectors/global-state-builder buildGlobalState Shared State - Reads should index single shared state read","status":"passed","title":"should index single shared state read","duration":1.613999999999976,"failureMessages":[],"meta":{}},{"ancestorTitles":["issue-detectors/global-state-builder","buildGlobalState","Shared State - Reads"],"fullName":"issue-detectors/global-state-builder buildGlobalState Shared State - Reads should aggregate multiple files for same read","status":"passed","title":"should aggregate multiple files for same read","duration":0.6776999999999589,"failureMessages":[],"meta":{}},{"ancestorTitles":["issue-detectors/global-state-builder","buildGlobalState","Shared State - Reads"],"fullName":"issue-detectors/global-state-builder buildGlobalState Shared State - Reads should handle alternative readProperties field","status":"passed","title":"should handle alternative readProperties field","duration":0.45150000000001,"failureMessages":[],"meta":{}},{"ancestorTitles":["issue-detectors/global-state-builder","buildGlobalState","Shared State - Writes"],"fullName":"issue-detectors/global-state-builder buildGlobalState Shared State - Writes should index single shared state write","status":"passed","title":"should index single shared state write","duration":0.3825999999999681,"failureMessages":[],"meta":{}},{"ancestorTitles":["issue-detectors/global-state-builder","buildGlobalState","Shared State - Writes"],"fullName":"issue-detectors/global-state-builder buildGlobalState Shared State - Writes should handle alternative writeProperties field","status":"passed","title":"should handle alternative writeProperties field","duration":0.35710000000000264,"failureMessages":[],"meta":{}},{"ancestorTitles":["issue-detectors/global-state-builder","buildGlobalState","Event Patterns"],"fullName":"issue-detectors/global-state-builder buildGlobalState Event Patterns should index event emitters","status":"passed","title":"should index event emitters","duration":0.5662000000000376,"failureMessages":[],"meta":{}},{"ancestorTitles":["issue-detectors/global-state-builder","buildGlobalState","Event Patterns"],"fullName":"issue-detectors/global-state-builder buildGlobalState Event Patterns should index multiple event listeners","status":"passed","title":"should index multiple event listeners","duration":0.5396999999999821,"failureMessages":[],"meta":{}},{"ancestorTitles":["issue-detectors/global-state-builder","buildGlobalState","Event Patterns"],"fullName":"issue-detectors/global-state-builder buildGlobalState Event Patterns should aggregate multiple files for same event emitter","status":"passed","title":"should aggregate multiple files for same event emitter","duration":0.39039999999999964,"failureMessages":[],"meta":{}},{"ancestorTitles":["issue-detectors/global-state-builder","buildGlobalState","File References"],"fullName":"issue-detectors/global-state-builder buildGlobalState File References should store file analysis reference","status":"passed","title":"should store file analysis reference","duration":0.20109999999999673,"failureMessages":[],"meta":{}},{"ancestorTitles":["issue-detectors/global-state-builder","buildGlobalState","Edge Cases - Missing Properties"],"fullName":"issue-detectors/global-state-builder buildGlobalState Edge Cases - Missing Properties should handle missing semanticAnalysis","status":"passed","title":"should handle missing semanticAnalysis","duration":0.25,"failureMessages":[],"meta":{}},{"ancestorTitles":["issue-detectors/global-state-builder","buildGlobalState","Edge Cases - Missing Properties"],"fullName":"issue-detectors/global-state-builder buildGlobalState Edge Cases - Missing Properties should handle missing sharedState","status":"passed","title":"should handle missing sharedState","duration":0.20460000000002765,"failureMessages":[],"meta":{}},{"ancestorTitles":["issue-detectors/global-state-builder","buildGlobalState","Edge Cases - Missing Properties"],"fullName":"issue-detectors/global-state-builder buildGlobalState Edge Cases - Missing Properties should handle missing eventPatterns","status":"passed","title":"should handle missing eventPatterns","duration":0.18669999999997344,"failureMessages":[],"meta":{}},{"ancestorTitles":["issue-detectors/global-state-builder","buildGlobalState","Edge Cases - Empty Arrays"],"fullName":"issue-detectors/global-state-builder buildGlobalState Edge Cases - Empty Arrays should handle empty arrays for all properties","status":"passed","title":"should handle empty arrays for all properties","duration":0.32970000000000255,"failureMessages":[],"meta":{}},{"ancestorTitles":["issue-detectors/global-state-builder","buildGlobalState","Complex Scenarios"],"fullName":"issue-detectors/global-state-builder buildGlobalState Complex Scenarios should handle complex state with both reads and writes","status":"passed","title":"should handle complex state with both reads and writes","duration":0.3754999999999882,"failureMessages":[],"meta":{}}],"startTime":1773818617059,"endTime":1773818617071.3755,"status":"passed","message":"","name":"C:/Dev/OmnySystem/tests/unit/layer-a-static/analyses/tier3/issue-detectors/global-state-builder.test.js"},{"assertionResults":[{"ancestorTitles":["issue-detectors/index","exports"],"fullName":"issue-detectors/index exports should export detectSemanticIssues","status":"passed","title":"should export detectSemanticIssues","duration":1.642499999999984,"failureMessages":[],"meta":{}},{"ancestorTitles":["issue-detectors/index","exports"],"fullName":"issue-detectors/index exports should export all individual detectors","status":"passed","title":"should export all individual detectors","duration":0.7025000000000432,"failureMessages":[],"meta":{}},{"ancestorTitles":["issue-detectors/index","detectSemanticIssues"],"fullName":"issue-detectors/index detectSemanticIssues should return issues object with all categories","status":"passed","title":"should return issues object with all categories","duration":1.1830000000000496,"failureMessages":[],"meta":{}},{"ancestorTitles":["issue-detectors/index","detectSemanticIssues"],"fullName":"issue-detectors/index detectSemanticIssues should calculate total issues count","status":"passed","title":"should calculate total issues count","duration":0.6792000000000371,"failureMessages":[],"meta":{}},{"ancestorTitles":["issue-detectors/index","detectSemanticIssues"],"fullName":"issue-detectors/index detectSemanticIssues should include severity breakdown","status":"passed","title":"should include severity breakdown","duration":0.23249999999995907,"failureMessages":[],"meta":{}},{"ancestorTitles":["issue-detectors/index","detectSemanticIssues"],"fullName":"issue-detectors/index detectSemanticIssues should include timestamp","status":"passed","title":"should include timestamp","duration":0.22949999999997317,"failureMessages":[],"meta":{}},{"ancestorTitles":["issue-detectors/index","detectSemanticIssues"],"fullName":"issue-detectors/index detectSemanticIssues should handle empty results","status":"passed","title":"should handle empty results","duration":0.18180000000000973,"failureMessages":[],"meta":{}},{"ancestorTitles":["issue-detectors/index","detectSemanticIssues"],"fullName":"issue-detectors/index detectSemanticIssues should handle undefined files","status":"passed","title":"should handle undefined files","duration":0.6497999999999706,"failureMessages":[],"meta":{}}],"startTime":1773818617403,"endTime":1773818617408.65,"status":"passed","message":"","name":"C:/Dev/OmnySystem/tests/unit/layer-a-static/analyses/tier3/issue-detectors/issue-detectors-index.test.js"},{"assertionResults":[{"ancestorTitles":["issue-detectors/orphaned-files","detectOrphanedFiles"],"fullName":"issue-detectors/orphaned-files detectOrphanedFiles should return empty array when no files","status":"passed","title":"should return empty array when no files","duration":2.750699999999995,"failureMessages":[],"meta":{}},{"ancestorTitles":["issue-detectors/orphaned-files","detectOrphanedFiles"],"fullName":"issue-detectors/orphaned-files detectOrphanedFiles should detect orphan with global access","status":"passed","title":"should detect orphan with global access","duration":0.9920000000000186,"failureMessages":[],"meta":{}},{"ancestorTitles":["issue-detectors/orphaned-files","detectOrphanedFiles"],"fullName":"issue-detectors/orphaned-files detectOrphanedFiles should detect orphan with localStorage","status":"passed","title":"should detect orphan with localStorage","duration":0.6297000000000139,"failureMessages":[],"meta":{}},{"ancestorTitles":["issue-detectors/orphaned-files","detectOrphanedFiles"],"fullName":"issue-detectors/orphaned-files detectOrphanedFiles should detect orphan with events","status":"passed","title":"should detect orphan with events","duration":0.8924999999999841,"failureMessages":[],"meta":{}},{"ancestorTitles":["issue-detectors/orphaned-files","detectOrphanedFiles"],"fullName":"issue-detectors/orphaned-files detectOrphanedFiles should not detect non-orphan files","status":"passed","title":"should not detect non-orphan files","duration":0.4913999999999987,"failureMessages":[],"meta":{}},{"ancestorTitles":["issue-detectors/orphaned-files","detectOrphanedFiles"],"fullName":"issue-detectors/orphaned-files detectOrphanedFiles should not detect orphan without side effects","status":"passed","title":"should not detect orphan without side effects","duration":0.2662000000000262,"failureMessages":[],"meta":{}},{"ancestorTitles":["issue-detectors/orphaned-files","detectOrphanedFiles"],"fullName":"issue-detectors/orphaned-files detectOrphanedFiles should include evidence for global access","status":"passed","title":"should include evidence for global access","duration":0.6672000000000367,"failureMessages":[],"meta":{}},{"ancestorTitles":["issue-detectors/orphaned-files","detectOrphanedFiles"],"fullName":"issue-detectors/orphaned-files detectOrphanedFiles should include evidence for localStorage","status":"passed","title":"should include evidence for localStorage","duration":0.3748000000000502,"failureMessages":[],"meta":{}},{"ancestorTitles":["issue-detectors/orphaned-files","detectOrphanedFiles"],"fullName":"issue-detectors/orphaned-files detectOrphanedFiles should include evidence for events","status":"passed","title":"should include evidence for events","duration":1.8734000000000037,"failureMessages":[],"meta":{}},{"ancestorTitles":["issue-detectors/orphaned-files","detectOrphanedFiles"],"fullName":"issue-detectors/orphaned-files detectOrphanedFiles should handle files with semantic connections","status":"passed","title":"should handle files with semantic connections","duration":0.5786999999999694,"failureMessages":[],"meta":{}},{"ancestorTitles":["issue-detectors/orphaned-files","detectOrphanedFiles"],"fullName":"issue-detectors/orphaned-files detectOrphanedFiles should detect multiple orphans","status":"passed","title":"should detect multiple orphans","duration":0.315400000000011,"failureMessages":[],"meta":{}},{"ancestorTitles":["issue-detectors/orphaned-files","detectOrphanedFiles"],"fullName":"issue-detectors/orphaned-files detectOrphanedFiles should handle missing semanticAnalysis","status":"passed","title":"should handle missing semanticAnalysis","duration":0.292699999999968,"failureMessages":[],"meta":{}},{"ancestorTitles":["issue-detectors/orphaned-files","detectOrphanedFiles"],"fullName":"issue-detectors/orphaned-files detectOrphanedFiles should handle missing sideEffects","status":"passed","title":"should handle missing sideEffects","duration":0.2004999999999768,"failureMessages":[],"meta":{}}],"startTime":1773818617084,"endTime":1773818617095.2004,"status":"passed","message":"","name":"C:/Dev/OmnySystem/tests/unit/layer-a-static/analyses/tier3/issue-detectors/orphaned-files.test.js"},{"assertionResults":[{"ancestorTitles":["issue-detectors/shared-state","detectUndefinedSharedState"],"fullName":"issue-detectors/shared-state detectUndefinedSharedState should return empty array when no reads","status":"passed","title":"should return empty array when no reads","duration":2.4138000000000375,"failureMessages":[],"meta":{}},{"ancestorTitles":["issue-detectors/shared-state","detectUndefinedSharedState"],"fullName":"issue-detectors/shared-state detectUndefinedSharedState should detect undefined shared state","status":"passed","title":"should detect undefined shared state","duration":2.6860999999999535,"failureMessages":[],"meta":{}},{"ancestorTitles":["issue-detectors/shared-state","detectUndefinedSharedState"],"fullName":"issue-detectors/shared-state detectUndefinedSharedState should not report defined shared state","status":"passed","title":"should not report defined shared state","duration":0.4148999999999887,"failureMessages":[],"meta":{}},{"ancestorTitles":["issue-detectors/shared-state","detectUndefinedSharedState"],"fullName":"issue-detectors/shared-state detectUndefinedSharedState should include readers in issue","status":"passed","title":"should include readers in issue","duration":0.5048000000000457,"failureMessages":[],"meta":{}},{"ancestorTitles":["issue-detectors/shared-state","detectUndefinedSharedState"],"fullName":"issue-detectors/shared-state detectUndefinedSharedState should have high severity","status":"passed","title":"should have high severity","duration":0.3288000000000011,"failureMessages":[],"meta":{}},{"ancestorTitles":["issue-detectors/shared-state","detectUndefinedSharedState"],"fullName":"issue-detectors/shared-state detectUndefinedSharedState should include suggestion","status":"passed","title":"should include suggestion","duration":0.3009999999999877,"failureMessages":[],"meta":{}},{"ancestorTitles":["issue-detectors/shared-state","detectUndefinedSharedState"],"fullName":"issue-detectors/shared-state detectUndefinedSharedState should detect multiple undefined properties","status":"passed","title":"should detect multiple undefined properties","duration":0.47519999999997253,"failureMessages":[],"meta":{}},{"ancestorTitles":["issue-detectors/shared-state","detectUndefinedSharedState"],"fullName":"issue-detectors/shared-state detectUndefinedSharedState should handle empty writers array","status":"passed","title":"should handle empty writers array","duration":0.30299999999999727,"failureMessages":[],"meta":{}},{"ancestorTitles":["issue-detectors/shared-state","detectDeadSharedState"],"fullName":"issue-detectors/shared-state detectDeadSharedState should return empty array when no writes","status":"passed","title":"should return empty array when no writes","duration":0.5509000000000128,"failureMessages":[],"meta":{}},{"ancestorTitles":["issue-detectors/shared-state","detectDeadSharedState"],"fullName":"issue-detectors/shared-state detectDeadSharedState should detect dead shared state","status":"passed","title":"should detect dead shared state","duration":0.763499999999965,"failureMessages":[],"meta":{}},{"ancestorTitles":["issue-detectors/shared-state","detectDeadSharedState"],"fullName":"issue-detectors/shared-state detectDeadSharedState should not report used shared state","status":"passed","title":"should not report used shared state","duration":0.1922999999999888,"failureMessages":[],"meta":{}},{"ancestorTitles":["issue-detectors/shared-state","detectDeadSharedState"],"fullName":"issue-detectors/shared-state detectDeadSharedState should include writers in issue","status":"passed","title":"should include writers in issue","duration":0.1724999999999568,"failureMessages":[],"meta":{}},{"ancestorTitles":["issue-detectors/shared-state","detectDeadSharedState"],"fullName":"issue-detectors/shared-state detectDeadSharedState should have low severity","status":"passed","title":"should have low severity","duration":0.15279999999995653,"failureMessages":[],"meta":{}},{"ancestorTitles":["issue-detectors/shared-state","detectDeadSharedState"],"fullName":"issue-detectors/shared-state detectDeadSharedState should include suggestion","status":"passed","title":"should include suggestion","duration":0.25909999999998945,"failureMessages":[],"meta":{}},{"ancestorTitles":["issue-detectors/shared-state","detectDeadSharedState"],"fullName":"issue-detectors/shared-state detectDeadSharedState should detect multiple dead properties","status":"passed","title":"should detect multiple dead properties","duration":0.38990000000001146,"failureMessages":[],"meta":{}},{"ancestorTitles":["issue-detectors/shared-state","detectDeadSharedState"],"fullName":"issue-detectors/shared-state detectDeadSharedState should handle empty readers array","status":"passed","title":"should handle empty readers array","duration":0.24169999999998026,"failureMessages":[],"meta":{}}],"startTime":1773818617021,"endTime":1773818617031.39,"status":"passed","message":"","name":"C:/Dev/OmnySystem/tests/unit/layer-a-static/analyses/tier3/issue-detectors/shared-state.test.js"},{"assertionResults":[{"ancestorTitles":["issue-detectors/unhandled-events","detectUnhandledEvents"],"fullName":"issue-detectors/unhandled-events detectUnhandledEvents should return empty array when no events","status":"passed","title":"should return empty array when no events","duration":1.5921999999999912,"failureMessages":[],"meta":{}},{"ancestorTitles":["issue-detectors/unhandled-events","detectUnhandledEvents"],"fullName":"issue-detectors/unhandled-events detectUnhandledEvents should detect unhandled event","status":"passed","title":"should detect unhandled event","duration":0.3240999999999872,"failureMessages":[],"meta":{}},{"ancestorTitles":["issue-detectors/unhandled-events","detectUnhandledEvents"],"fullName":"issue-detectors/unhandled-events detectUnhandledEvents should not report handled events","status":"passed","title":"should not report handled events","duration":0.19620000000003301,"failureMessages":[],"meta":{}},{"ancestorTitles":["issue-detectors/unhandled-events","detectUnhandledEvents"],"fullName":"issue-detectors/unhandled-events detectUnhandledEvents should detect multiple unhandled events","status":"passed","title":"should detect multiple unhandled events","duration":0.2896000000000072,"failureMessages":[],"meta":{}},{"ancestorTitles":["issue-detectors/unhandled-events","detectUnhandledEvents"],"fullName":"issue-detectors/unhandled-events detectUnhandledEvents should include emitters in issue","status":"passed","title":"should include emitters in issue","duration":0.8137000000000398,"failureMessages":[],"meta":{}},{"ancestorTitles":["issue-detectors/unhandled-events","detectUnhandledEvents"],"fullName":"issue-detectors/unhandled-events detectUnhandledEvents should have correct severity","status":"passed","title":"should have correct severity","duration":0.19309999999995853,"failureMessages":[],"meta":{}},{"ancestorTitles":["issue-detectors/unhandled-events","detectUnhandledEvents"],"fullName":"issue-detectors/unhandled-events detectUnhandledEvents should include suggestion","status":"passed","title":"should include suggestion","duration":0.1804000000000201,"failureMessages":[],"meta":{}},{"ancestorTitles":["issue-detectors/unhandled-events","detectUnhandledEvents"],"fullName":"issue-detectors/unhandled-events detectUnhandledEvents should handle empty listeners","status":"passed","title":"should handle empty listeners","duration":0.13459999999997763,"failureMessages":[],"meta":{}}],"startTime":1773818617356,"endTime":1773818617360.193,"status":"passed","message":"","name":"C:/Dev/OmnySystem/tests/unit/layer-a-static/analyses/tier3/issue-detectors/unhandled-events.test.js"}]}